#
# There is insufficient memory for the Java Runtime Environment to continue.
# Native memory allocation (malloc) failed to allocate 1846416 bytes for Chunk::new
# Possible reasons:
#   The system is out of physical RAM or swap space
#   The process is running with CompressedOops enabled, and the Java Heap may be blocking the growth of the native heap
# Possible solutions:
#   Reduce memory load on the system
#   Increase physical memory or swap space
#   Check if swap backing store is full
#   Decrease Java heap size (-Xmx/-Xms)
#   Decrease number of Java threads
#   Decrease Java thread stack sizes (-Xss)
#   Set larger code cache with -XX:ReservedCodeCacheSize=
#   JVM is running with Unscaled Compressed Oops mode in which the Java heap is
#     placed in the first 4GB address space. The Java Heap base address is the
#     maximum limit for the native heap growth. Please use -XX:HeapBaseMinAddress
#     to set the Java Heap base and to place the Java Heap above 4GB virtual address.
# This output file may be truncated or incomplete.
#
#  Out of Memory Error (arena.cpp:197), pid=18412, tid=10212
#
# JRE version: OpenJDK Runtime Environment Corretto-11.0.21.9.1 (11.0.21+9) (build 11.0.21+9-LTS)
# Java VM: OpenJDK 64-Bit Server VM Corretto-11.0.21.9.1 (11.0.21+9-LTS, mixed mode, tiered, compressed oops, g1 gc, windows-amd64)
# No core dump will be written. Minidumps are not enabled by default on client versions of Windows
#

---------------  S U M M A R Y ------------

Command Line: -javaagent:C:\Program Files\JetBrains\IntelliJ IDEA Community Edition 2023.3.2\lib\idea_rt.jar=62975:C:\Program Files\JetBrains\IntelliJ IDEA Community Edition 2023.3.2\bin -Dfile.encoding=UTF-8 org.example.Skaiciuotuvas

Host: AMD Ryzen 3 5300U with Radeon Graphics         , 8 cores, 5G,  Windows 11 , 64 bit Build 22621 (10.0.22621.3085)
Time: Tue Mar 19 09:36:43 2024 FLE Standard Time elapsed time: 4.193908 seconds (0d 0h 0m 4s)

---------------  T H R E A D  ---------------

Current thread (0x00000241f8938000):  JavaThread "C2 CompilerThread0" daemon [_thread_in_native, id=10212, stack(0x0000009790300000,0x0000009790400000)]


Current CompileTask:
C2:   4193 1757       4       java.lang.invoke.MethodType::makeImpl (108 bytes)

Stack: [0x0000009790300000,0x0000009790400000]
Native frames: (J=compiled Java code, j=interpreted, Vv=VM code, C=native code)
V  [jvm.dll+0x645f6a]
V  [jvm.dll+0x7da379]
V  [jvm.dll+0x7dba79]
V  [jvm.dll+0x7dc163]
V  [jvm.dll+0x269f15]
V  [jvm.dll+0xc1d7c]
V  [jvm.dll+0xc232c]
V  [jvm.dll+0x37a3e7]
V  [jvm.dll+0x345125]
V  [jvm.dll+0x3444fa]
V  [jvm.dll+0x22211f]
V  [jvm.dll+0x221128]
V  [jvm.dll+0x19ef21]
V  [jvm.dll+0x230fc9]
V  [jvm.dll+0x22f13f]
V  [jvm.dll+0x79b621]
V  [jvm.dll+0x7942f4]
V  [jvm.dll+0x644d25]
C  [ucrtbase.dll+0x29363]
C  [KERNEL32.DLL+0x1257d]
C  [ntdll.dll+0x5aa58]


---------------  P R O C E S S  ---------------

Threads class SMR info:
_java_thread_list=0x00000241fb18ada0, length=25, elements={
0x00000241e9c5b000, 0x00000241f8911800, 0x00000241f891a000, 0x00000241f892f000,
0x00000241f892f800, 0x00000241f8931000, 0x00000241f8938000, 0x00000241f893c800,
0x00000241f8946000, 0x00000241f93f7800, 0x00000241f975e800, 0x00000241f9dd7800,
0x00000241fa3c6800, 0x00000241f9842000, 0x00000241f9d0c800, 0x00000241f9647000,
0x00000241fa54c800, 0x00000241fa54f800, 0x00000241fa560000, 0x00000241fa909000,
0x00000241fa9ee800, 0x00000241fa9f1000, 0x00000241fa9ef800, 0x00000241fa9ec800,
0x00000241fa9f0800
}

Java Threads: ( => current thread )
  0x00000241e9c5b000 JavaThread "Forwarding get on session 024d6b103d98ded35306ba72aaf5bbbf to remote" [_thread_blocked, id=25400, stack(0x000000978f700000,0x000000978f800000)]
  0x00000241f8911800 JavaThread "Reference Handler" daemon [_thread_blocked, id=15460, stack(0x000000978fe00000,0x000000978ff00000)]
  0x00000241f891a000 JavaThread "Finalizer" daemon [_thread_blocked, id=25072, stack(0x000000978ff00000,0x0000009790000000)]
  0x00000241f892f000 JavaThread "Signal Dispatcher" daemon [_thread_blocked, id=13064, stack(0x0000009790000000,0x0000009790100000)]
  0x00000241f892f800 JavaThread "Attach Listener" daemon [_thread_blocked, id=14328, stack(0x0000009790100000,0x0000009790200000)]
  0x00000241f8931000 JavaThread "Service Thread" daemon [_thread_blocked, id=21716, stack(0x0000009790200000,0x0000009790300000)]
=>0x00000241f8938000 JavaThread "C2 CompilerThread0" daemon [_thread_in_native, id=10212, stack(0x0000009790300000,0x0000009790400000)]
  0x00000241f893c800 JavaThread "C1 CompilerThread0" daemon [_thread_blocked, id=21420, stack(0x0000009790400000,0x0000009790500000)]
  0x00000241f8946000 JavaThread "Sweeper thread" daemon [_thread_blocked, id=23360, stack(0x0000009790500000,0x0000009790600000)]
  0x00000241f93f7800 JavaThread "Common-Cleaner" daemon [_thread_blocked, id=12960, stack(0x0000009790600000,0x0000009790700000)]
  0x00000241f975e800 JavaThread "Monitor Ctrl-Break" daemon [_thread_in_native, id=21524, stack(0x0000009790800000,0x0000009790900000)]
  0x00000241f9dd7800 JavaThread "ForkJoinPool.commonPool-worker-3" daemon [_thread_blocked, id=15372, stack(0x0000009790700000,0x0000009790800000)]
  0x00000241fa3c6800 JavaThread "HttpClient-1-SelectorManager" daemon [_thread_in_native, id=7508, stack(0x0000009790a00000,0x0000009790b00000)]
  0x00000241f9842000 JavaThread "External Process Output Forwarder - C:\Users\User\.cache\selenium\chromedriver\win64\122.0.6261.128\chromedriver.exe" [_thread_in_native, id=6264, stack(0x0000009790c00000,0x0000009790d00000)]
  0x00000241f9d0c800 JavaThread "Driver Service Executor" daemon [_thread_blocked, id=23236, stack(0x0000009790d00000,0x0000009790e00000)]
  0x00000241f9647000 JavaThread "Driver Service Executor" daemon [_thread_in_native, id=6196, stack(0x0000009790e00000,0x0000009790f00000)]
  0x00000241fa54c800 JavaThread "UrlChecker-2" daemon [_thread_blocked, id=8, stack(0x0000009790f00000,0x0000009791000000)]
  0x00000241fa54f800 JavaThread "Keep-Alive-Timer" daemon [_thread_blocked, id=22604, stack(0x0000009791100000,0x0000009791200000)]
  0x00000241fa560000 JavaThread "pool-1-thread-1" [_thread_blocked, id=712, stack(0x0000009791200000,0x0000009791300000)]
  0x00000241fa909000 JavaThread "pool-1-thread-2" [_thread_blocked, id=20332, stack(0x0000009791300000,0x0000009791400000)]
  0x00000241fa9ee800 JavaThread "pool-1-thread-3" [_thread_blocked, id=25860, stack(0x0000009791400000,0x0000009791500000)]
  0x00000241fa9f1000 JavaThread "HttpClient-2-SelectorManager" daemon [_thread_in_native, id=8672, stack(0x0000009791c00000,0x0000009791d00000)]
  0x00000241fa9ef800 JavaThread "pool-2-thread-1" [_thread_blocked, id=25452, stack(0x0000009791d00000,0x0000009791e00000)]
  0x00000241fa9ec800 JavaThread "pool-2-thread-2" [_thread_blocked, id=24220, stack(0x0000009791e00000,0x0000009791f00000)]
  0x00000241fa9f0800 JavaThread "pool-2-thread-3" [_thread_blocked, id=25700, stack(0x0000009791f00000,0x0000009792000000)]

Other Threads:
  0x00000241f88ee000 VMThread "VM Thread" [stack: 0x000000978fd00000,0x000000978fe00000] [id=14084]
  0x00000241f9771000 WatcherThread [stack: 0x0000009790900000,0x0000009790a00000] [id=13440]
  0x00000241e9c74800 GCTaskThread "GC Thread#0" [stack: 0x000000978f800000,0x000000978f900000] [id=21920]
  0x00000241fa3b6800 GCTaskThread "GC Thread#1" [stack: 0x0000009790b00000,0x0000009790c00000] [id=17840]
  0x00000241facbd000 GCTaskThread "GC Thread#2" [stack: 0x0000009791500000,0x0000009791600000] [id=12456]
  0x00000241facbe000 GCTaskThread "GC Thread#3" [stack: 0x0000009791600000,0x0000009791700000] [id=12468]
  0x00000241facbf000 GCTaskThread "GC Thread#4" [stack: 0x0000009791700000,0x0000009791800000] [id=16448]
  0x00000241fb1c3800 GCTaskThread "GC Thread#5" [stack: 0x0000009791800000,0x0000009791900000] [id=24044]
  0x00000241fb1c4000 GCTaskThread "GC Thread#6" [stack: 0x0000009791900000,0x0000009791a00000] [id=9088]
  0x00000241fb1c5000 GCTaskThread "GC Thread#7" [stack: 0x0000009791a00000,0x0000009791b00000] [id=11800]
  0x00000241e9c9a800 ConcurrentGCThread "G1 Main Marker" [stack: 0x000000978f900000,0x000000978fa00000] [id=3664]
  0x00000241e9c9d000 ConcurrentGCThread "G1 Conc#0" [stack: 0x000000978fa00000,0x000000978fb00000] [id=9456]
  0x00000241fb35d800 ConcurrentGCThread "G1 Conc#1" [stack: 0x0000009791b00000,0x0000009791c00000] [id=1904]
  0x00000241e9d12800 ConcurrentGCThread "G1 Refine#0" [stack: 0x000000978fb00000,0x000000978fc00000] [id=19572]
  0x00000241f8760800 ConcurrentGCThread "G1 Young RemSet Sampling" [stack: 0x000000978fc00000,0x000000978fd00000] [id=17836]

Threads with active compile tasks:
C2 CompilerThread0     4321 1757       4       java.lang.invoke.MethodType::makeImpl (108 bytes)

VM state:not at safepoint (normal execution)

VM Mutex/Monitor currently owned by a thread: None

Heap address: 0x00000000a2600000, size: 1498 MB, Compressed Oops mode: 32-bit
Narrow klass base: 0x0000000000000000, Narrow klass shift: 3
Compressed class space size: 1073741824 Address: 0x0000000100000000

Heap:
 garbage-first heap   total 96256K, used 13271K [0x00000000a2600000, 0x0000000100000000)
  region size 1024K, 9 young (9216K), 2 survivors (2048K)
 Metaspace       used 22033K, capacity 22878K, committed 23040K, reserved 1069056K
  class space    used 2424K, capacity 2800K, committed 2816K, reserved 1048576K
Heap Regions: E=young(eden), S=young(survivor), O=old, HS=humongous(starts), HC=humongous(continues), CS=collection set, F=free, A=archive, TAMS=top-at-mark-start (previous, next)
|   0|0x00000000a2600000, 0x00000000a2700000, 0x00000000a2700000|100%| O|  |TAMS 0x00000000a2700000, 0x00000000a2600000| Untracked 
|   1|0x00000000a2700000, 0x00000000a2800000, 0x00000000a2800000|100%| O|  |TAMS 0x00000000a2800000, 0x00000000a2700000| Untracked 
|   2|0x00000000a2800000, 0x00000000a2900000, 0x00000000a2900000|100%| O|  |TAMS 0x00000000a2900000, 0x00000000a2800000| Untracked 
|   3|0x00000000a2900000, 0x00000000a2a00000, 0x00000000a2a00000|100%| O|  |TAMS 0x00000000a2a00000, 0x00000000a2900000| Untracked 
|   4|0x00000000a2a00000, 0x00000000a2b00000, 0x00000000a2b00000|100%| O|  |TAMS 0x00000000a2b00000, 0x00000000a2a00000| Untracked 
|   5|0x00000000a2b00000, 0x00000000a2bedc00, 0x00000000a2c00000| 92%| O|  |TAMS 0x00000000a2bedc00, 0x00000000a2b00000| Untracked 
|   6|0x00000000a2c00000, 0x00000000a2c00000, 0x00000000a2d00000|  0%| F|  |TAMS 0x00000000a2c00000, 0x00000000a2c00000| Untracked 
|   7|0x00000000a2d00000, 0x00000000a2d00000, 0x00000000a2e00000|  0%| F|  |TAMS 0x00000000a2d00000, 0x00000000a2d00000| Untracked 
|   8|0x00000000a2e00000, 0x00000000a2e00000, 0x00000000a2f00000|  0%| F|  |TAMS 0x00000000a2e00000, 0x00000000a2e00000| Untracked 
|   9|0x00000000a2f00000, 0x00000000a2f00000, 0x00000000a3000000|  0%| F|  |TAMS 0x00000000a2f00000, 0x00000000a2f00000| Untracked 
|  10|0x00000000a3000000, 0x00000000a3000000, 0x00000000a3100000|  0%| F|  |TAMS 0x00000000a3000000, 0x00000000a3000000| Untracked 
|  11|0x00000000a3100000, 0x00000000a3100000, 0x00000000a3200000|  0%| F|  |TAMS 0x00000000a3100000, 0x00000000a3100000| Untracked 
|  12|0x00000000a3200000, 0x00000000a3200000, 0x00000000a3300000|  0%| F|  |TAMS 0x00000000a3200000, 0x00000000a3200000| Untracked 
|  13|0x00000000a3300000, 0x00000000a3300000, 0x00000000a3400000|  0%| F|  |TAMS 0x00000000a3300000, 0x00000000a3300000| Untracked 
|  14|0x00000000a3400000, 0x00000000a3400000, 0x00000000a3500000|  0%| F|  |TAMS 0x00000000a3400000, 0x00000000a3400000| Untracked 
|  15|0x00000000a3500000, 0x00000000a3500000, 0x00000000a3600000|  0%| F|  |TAMS 0x00000000a3500000, 0x00000000a3500000| Untracked 
|  16|0x00000000a3600000, 0x00000000a3600000, 0x00000000a3700000|  0%| F|  |TAMS 0x00000000a3600000, 0x00000000a3600000| Untracked 
|  17|0x00000000a3700000, 0x00000000a3700000, 0x00000000a3800000|  0%| F|  |TAMS 0x00000000a3700000, 0x00000000a3700000| Untracked 
|  18|0x00000000a3800000, 0x00000000a3800000, 0x00000000a3900000|  0%| F|  |TAMS 0x00000000a3800000, 0x00000000a3800000| Untracked 
|  19|0x00000000a3900000, 0x00000000a3900000, 0x00000000a3a00000|  0%| F|  |TAMS 0x00000000a3900000, 0x00000000a3900000| Untracked 
|  20|0x00000000a3a00000, 0x00000000a3a00000, 0x00000000a3b00000|  0%| F|  |TAMS 0x00000000a3a00000, 0x00000000a3a00000| Untracked 
|  21|0x00000000a3b00000, 0x00000000a3b00000, 0x00000000a3c00000|  0%| F|  |TAMS 0x00000000a3b00000, 0x00000000a3b00000| Untracked 
|  22|0x00000000a3c00000, 0x00000000a3c00000, 0x00000000a3d00000|  0%| F|  |TAMS 0x00000000a3c00000, 0x00000000a3c00000| Untracked 
|  23|0x00000000a3d00000, 0x00000000a3d00000, 0x00000000a3e00000|  0%| F|  |TAMS 0x00000000a3d00000, 0x00000000a3d00000| Untracked 
|  24|0x00000000a3e00000, 0x00000000a3e00000, 0x00000000a3f00000|  0%| F|  |TAMS 0x00000000a3e00000, 0x00000000a3e00000| Untracked 
|  25|0x00000000a3f00000, 0x00000000a3f00000, 0x00000000a4000000|  0%| F|  |TAMS 0x00000000a3f00000, 0x00000000a3f00000| Untracked 
|  26|0x00000000a4000000, 0x00000000a4000000, 0x00000000a4100000|  0%| F|  |TAMS 0x00000000a4000000, 0x00000000a4000000| Untracked 
|  27|0x00000000a4100000, 0x00000000a4100000, 0x00000000a4200000|  0%| F|  |TAMS 0x00000000a4100000, 0x00000000a4100000| Untracked 
|  28|0x00000000a4200000, 0x00000000a4200000, 0x00000000a4300000|  0%| F|  |TAMS 0x00000000a4200000, 0x00000000a4200000| Untracked 
|  29|0x00000000a4300000, 0x00000000a4300000, 0x00000000a4400000|  0%| F|  |TAMS 0x00000000a4300000, 0x00000000a4300000| Untracked 
|  30|0x00000000a4400000, 0x00000000a4400000, 0x00000000a4500000|  0%| F|  |TAMS 0x00000000a4400000, 0x00000000a4400000| Untracked 
|  31|0x00000000a4500000, 0x00000000a4500000, 0x00000000a4600000|  0%| F|  |TAMS 0x00000000a4500000, 0x00000000a4500000| Untracked 
|  32|0x00000000a4600000, 0x00000000a4600000, 0x00000000a4700000|  0%| F|  |TAMS 0x00000000a4600000, 0x00000000a4600000| Untracked 
|  33|0x00000000a4700000, 0x00000000a4700000, 0x00000000a4800000|  0%| F|  |TAMS 0x00000000a4700000, 0x00000000a4700000| Untracked 
|  34|0x00000000a4800000, 0x00000000a4800000, 0x00000000a4900000|  0%| F|  |TAMS 0x00000000a4800000, 0x00000000a4800000| Untracked 
|  35|0x00000000a4900000, 0x00000000a4900000, 0x00000000a4a00000|  0%| F|  |TAMS 0x00000000a4900000, 0x00000000a4900000| Untracked 
|  36|0x00000000a4a00000, 0x00000000a4a00000, 0x00000000a4b00000|  0%| F|  |TAMS 0x00000000a4a00000, 0x00000000a4a00000| Untracked 
|  37|0x00000000a4b00000, 0x00000000a4b00000, 0x00000000a4c00000|  0%| F|  |TAMS 0x00000000a4b00000, 0x00000000a4b00000| Untracked 
|  38|0x00000000a4c00000, 0x00000000a4c00000, 0x00000000a4d00000|  0%| F|  |TAMS 0x00000000a4c00000, 0x00000000a4c00000| Untracked 
|  39|0x00000000a4d00000, 0x00000000a4d00000, 0x00000000a4e00000|  0%| F|  |TAMS 0x00000000a4d00000, 0x00000000a4d00000| Untracked 
|  40|0x00000000a4e00000, 0x00000000a4e00000, 0x00000000a4f00000|  0%| F|  |TAMS 0x00000000a4e00000, 0x00000000a4e00000| Untracked 
|  41|0x00000000a4f00000, 0x00000000a4f00000, 0x00000000a5000000|  0%| F|  |TAMS 0x00000000a4f00000, 0x00000000a4f00000| Untracked 
|  42|0x00000000a5000000, 0x00000000a5000000, 0x00000000a5100000|  0%| F|  |TAMS 0x00000000a5000000, 0x00000000a5000000| Untracked 
|  43|0x00000000a5100000, 0x00000000a5100000, 0x00000000a5200000|  0%| F|  |TAMS 0x00000000a5100000, 0x00000000a5100000| Untracked 
|  44|0x00000000a5200000, 0x00000000a5200000, 0x00000000a5300000|  0%| F|  |TAMS 0x00000000a5200000, 0x00000000a5200000| Untracked 
|  45|0x00000000a5300000, 0x00000000a5300000, 0x00000000a5400000|  0%| F|  |TAMS 0x00000000a5300000, 0x00000000a5300000| Untracked 
|  46|0x00000000a5400000, 0x00000000a5400000, 0x00000000a5500000|  0%| F|  |TAMS 0x00000000a5400000, 0x00000000a5400000| Untracked 
|  47|0x00000000a5500000, 0x00000000a5500000, 0x00000000a5600000|  0%| F|  |TAMS 0x00000000a5500000, 0x00000000a5500000| Untracked 
|  48|0x00000000a5600000, 0x00000000a5600000, 0x00000000a5700000|  0%| F|  |TAMS 0x00000000a5600000, 0x00000000a5600000| Untracked 
|  49|0x00000000a5700000, 0x00000000a5700000, 0x00000000a5800000|  0%| F|  |TAMS 0x00000000a5700000, 0x00000000a5700000| Untracked 
|  50|0x00000000a5800000, 0x00000000a5800000, 0x00000000a5900000|  0%| F|  |TAMS 0x00000000a5800000, 0x00000000a5800000| Untracked 
|  51|0x00000000a5900000, 0x00000000a5900000, 0x00000000a5a00000|  0%| F|  |TAMS 0x00000000a5900000, 0x00000000a5900000| Untracked 
|  52|0x00000000a5a00000, 0x00000000a5a00000, 0x00000000a5b00000|  0%| F|  |TAMS 0x00000000a5a00000, 0x00000000a5a00000| Untracked 
|  53|0x00000000a5b00000, 0x00000000a5b00000, 0x00000000a5c00000|  0%| F|  |TAMS 0x00000000a5b00000, 0x00000000a5b00000| Untracked 
|  54|0x00000000a5c00000, 0x00000000a5c00000, 0x00000000a5d00000|  0%| F|  |TAMS 0x00000000a5c00000, 0x00000000a5c00000| Untracked 
|  55|0x00000000a5d00000, 0x00000000a5d00000, 0x00000000a5e00000|  0%| F|  |TAMS 0x00000000a5d00000, 0x00000000a5d00000| Untracked 
|  56|0x00000000a5e00000, 0x00000000a5e00000, 0x00000000a5f00000|  0%| F|  |TAMS 0x00000000a5e00000, 0x00000000a5e00000| Untracked 
|  57|0x00000000a5f00000, 0x00000000a5f00000, 0x00000000a6000000|  0%| F|  |TAMS 0x00000000a5f00000, 0x00000000a5f00000| Untracked 
|  58|0x00000000a6000000, 0x00000000a6000000, 0x00000000a6100000|  0%| F|  |TAMS 0x00000000a6000000, 0x00000000a6000000| Untracked 
|  59|0x00000000a6100000, 0x00000000a6100000, 0x00000000a6200000|  0%| F|  |TAMS 0x00000000a6100000, 0x00000000a6100000| Untracked 
|  60|0x00000000a6200000, 0x00000000a6200000, 0x00000000a6300000|  0%| F|  |TAMS 0x00000000a6200000, 0x00000000a6200000| Untracked 
|  61|0x00000000a6300000, 0x00000000a6300000, 0x00000000a6400000|  0%| F|  |TAMS 0x00000000a6300000, 0x00000000a6300000| Untracked 
|  62|0x00000000a6400000, 0x00000000a6400000, 0x00000000a6500000|  0%| F|  |TAMS 0x00000000a6400000, 0x00000000a6400000| Untracked 
|  63|0x00000000a6500000, 0x00000000a6500000, 0x00000000a6600000|  0%| F|  |TAMS 0x00000000a6500000, 0x00000000a6500000| Untracked 
|  64|0x00000000a6600000, 0x00000000a6600000, 0x00000000a6700000|  0%| F|  |TAMS 0x00000000a6600000, 0x00000000a6600000| Untracked 
|  65|0x00000000a6700000, 0x00000000a6700000, 0x00000000a6800000|  0%| F|  |TAMS 0x00000000a6700000, 0x00000000a6700000| Untracked 
|  66|0x00000000a6800000, 0x00000000a6800000, 0x00000000a6900000|  0%| F|  |TAMS 0x00000000a6800000, 0x00000000a6800000| Untracked 
|  67|0x00000000a6900000, 0x00000000a6900000, 0x00000000a6a00000|  0%| F|  |TAMS 0x00000000a6900000, 0x00000000a6900000| Untracked 
|  68|0x00000000a6a00000, 0x00000000a6a00000, 0x00000000a6b00000|  0%| F|  |TAMS 0x00000000a6a00000, 0x00000000a6a00000| Untracked 
|  69|0x00000000a6b00000, 0x00000000a6b00000, 0x00000000a6c00000|  0%| F|  |TAMS 0x00000000a6b00000, 0x00000000a6b00000| Untracked 
|  70|0x00000000a6c00000, 0x00000000a6c00000, 0x00000000a6d00000|  0%| F|  |TAMS 0x00000000a6c00000, 0x00000000a6c00000| Untracked 
|  71|0x00000000a6d00000, 0x00000000a6d00000, 0x00000000a6e00000|  0%| F|  |TAMS 0x00000000a6d00000, 0x00000000a6d00000| Untracked 
|  72|0x00000000a6e00000, 0x00000000a6e00000, 0x00000000a6f00000|  0%| F|  |TAMS 0x00000000a6e00000, 0x00000000a6e00000| Untracked 
|  73|0x00000000a6f00000, 0x00000000a6f00000, 0x00000000a7000000|  0%| F|  |TAMS 0x00000000a6f00000, 0x00000000a6f00000| Untracked 
|  74|0x00000000a7000000, 0x00000000a7000000, 0x00000000a7100000|  0%| F|  |TAMS 0x00000000a7000000, 0x00000000a7000000| Untracked 
|  75|0x00000000a7100000, 0x00000000a7100000, 0x00000000a7200000|  0%| F|  |TAMS 0x00000000a7100000, 0x00000000a7100000| Untracked 
|  76|0x00000000a7200000, 0x00000000a7200000, 0x00000000a7300000|  0%| F|  |TAMS 0x00000000a7200000, 0x00000000a7200000| Untracked 
|  77|0x00000000a7300000, 0x00000000a7300000, 0x00000000a7400000|  0%| F|  |TAMS 0x00000000a7300000, 0x00000000a7300000| Untracked 
|  78|0x00000000a7400000, 0x00000000a7400000, 0x00000000a7500000|  0%| F|  |TAMS 0x00000000a7400000, 0x00000000a7400000| Untracked 
|  79|0x00000000a7500000, 0x00000000a7508010, 0x00000000a7600000|  3%| S|CS|TAMS 0x00000000a7500000, 0x00000000a7500000| Complete 
|  80|0x00000000a7600000, 0x00000000a7700000, 0x00000000a7700000|100%| S|CS|TAMS 0x00000000a7600000, 0x00000000a7600000| Complete 
|  81|0x00000000a7700000, 0x00000000a7700000, 0x00000000a7800000|  0%| F|  |TAMS 0x00000000a7700000, 0x00000000a7700000| Untracked 
|  82|0x00000000a7800000, 0x00000000a7800000, 0x00000000a7900000|  0%| F|  |TAMS 0x00000000a7800000, 0x00000000a7800000| Untracked 
|  83|0x00000000a7900000, 0x00000000a7900000, 0x00000000a7a00000|  0%| F|  |TAMS 0x00000000a7900000, 0x00000000a7900000| Untracked 
|  84|0x00000000a7a00000, 0x00000000a7a00000, 0x00000000a7b00000|  0%| F|  |TAMS 0x00000000a7a00000, 0x00000000a7a00000| Untracked 
|  85|0x00000000a7b00000, 0x00000000a7b00000, 0x00000000a7c00000|  0%| F|  |TAMS 0x00000000a7b00000, 0x00000000a7b00000| Untracked 
|  86|0x00000000a7c00000, 0x00000000a7c00000, 0x00000000a7d00000|  0%| F|  |TAMS 0x00000000a7c00000, 0x00000000a7c00000| Untracked 
|  87|0x00000000a7d00000, 0x00000000a7e00000, 0x00000000a7e00000|100%| E|  |TAMS 0x00000000a7d00000, 0x00000000a7d00000| Complete 
|  88|0x00000000a7e00000, 0x00000000a7f00000, 0x00000000a7f00000|100%| E|CS|TAMS 0x00000000a7e00000, 0x00000000a7e00000| Complete 
|  89|0x00000000a7f00000, 0x00000000a8000000, 0x00000000a8000000|100%| E|CS|TAMS 0x00000000a7f00000, 0x00000000a7f00000| Complete 
|  90|0x00000000a8000000, 0x00000000a8100000, 0x00000000a8100000|100%| E|CS|TAMS 0x00000000a8000000, 0x00000000a8000000| Complete 
|  91|0x00000000a8100000, 0x00000000a8200000, 0x00000000a8200000|100%| E|CS|TAMS 0x00000000a8100000, 0x00000000a8100000| Complete 
|  92|0x00000000a8200000, 0x00000000a8300000, 0x00000000a8300000|100%| E|CS|TAMS 0x00000000a8200000, 0x00000000a8200000| Complete 
|  93|0x00000000a8300000, 0x00000000a8400000, 0x00000000a8400000|100%| E|CS|TAMS 0x00000000a8300000, 0x00000000a8300000| Complete 

Card table byte_map: [0x00000241f2a10000,0x00000241f2d00000] _byte_map_base: 0x00000241f24fd000

Marking Bits (Prev, Next): (CMBitMap*) 0x00000241e9c93db0, (CMBitMap*) 0x00000241e9c93d78
 Prev Bits: [0x00000241f4760000, 0x00000241f5ec8000)
 Next Bits: [0x00000241f2ff0000, 0x00000241f4758000)

Polling page: 0x00000241e7bd0000

Metaspace:

Usage:
  Non-class:     19.61 MB capacity,    19.15 MB ( 98%) used,   375.38 KB (  2%) free+waste,    94.25 KB ( <1%) overhead. 
      Class:      2.73 MB capacity,     2.37 MB ( 87%) used,   327.62 KB ( 12%) free+waste,    47.62 KB (  2%) overhead. 
       Both:     22.34 MB capacity,    21.52 MB ( 96%) used,   703.01 KB (  3%) free+waste,   141.88 KB ( <1%) overhead. 

Virtual space:
  Non-class space:       20.00 MB reserved,      19.75 MB ( 99%) committed 
      Class space:        1.00 GB reserved,       2.75 MB ( <1%) committed 
             Both:        1.02 GB reserved,      22.50 MB (  2%) committed 

Chunk freelists:
   Non-Class:  18.00 KB
       Class:  0 bytes
        Both:  18.00 KB

MaxMetaspaceSize: 17179869184.00 GB
CompressedClassSpaceSize: 1.00 GB
Initial GC threshold: 20.80 MB
Current GC threshold: 35.00 MB
CDS: off

CodeHeap 'non-profiled nmethods': size=120000Kb used=698Kb max_used=698Kb free=119302Kb
 bounds [0x0000024187ad0000, 0x0000024187d40000, 0x000002418f000000]
CodeHeap 'profiled nmethods': size=120000Kb used=3624Kb max_used=3624Kb free=116376Kb
 bounds [0x00000241805a0000, 0x0000024180930000, 0x0000024187ad0000]
CodeHeap 'non-nmethods': size=5760Kb used=1230Kb max_used=1266Kb free=4529Kb
 bounds [0x0000024180000000, 0x0000024180270000, 0x00000241805a0000]
 total_blobs=2369 nmethods=1862 adapters=419
 compilation: enabled
              stopped_count=0, restarted_count=0
 full_count=0

Compilation events (20 events):
Event: 4.102 Thread 0x00000241f893c800 1860       3       java.lang.Character::toLowerCase (9 bytes)
Event: 4.102 Thread 0x00000241f893c800 nmethod 1860 0x0000024180926710 code [0x00000241809268e0, 0x0000024180926ab8]
Event: 4.106 Thread 0x00000241f893c800 1861       3       java.util.regex.CharPredicates$$Lambda$24/0x000000010009b040::is (5 bytes)
Event: 4.106 Thread 0x00000241f893c800 nmethod 1861 0x0000024180926b90 code [0x0000024180926d60, 0x0000024180927018]
Event: 4.106 Thread 0x00000241f893c800 1863       2       java.lang.String$CaseInsensitiveComparator::compare (13 bytes)
Event: 4.107 Thread 0x00000241f893c800 nmethod 1863 0x0000024180927110 code [0x00000241809272c0, 0x0000024180927448]
Event: 4.107 Thread 0x00000241f893c800 1864       2       java.lang.String$CaseInsensitiveComparator::compare (68 bytes)
Event: 4.107 Thread 0x00000241f893c800 nmethod 1864 0x0000024180927510 code [0x0000024180927700, 0x0000024180927918]
Event: 4.107 Thread 0x00000241f893c800 1862       3       java.util.regex.CharPredicates::lambda$ASCII_DIGIT$15 (20 bytes)
Event: 4.107 Thread 0x00000241f893c800 nmethod 1862 0x0000024180927a90 code [0x0000024180927c40, 0x0000024180927e78]
Event: 4.107 Thread 0x00000241f893c800 1866       2       java.lang.StringLatin1::compareToCI (108 bytes)
Event: 4.108 Thread 0x00000241f893c800 nmethod 1866 0x0000024180927f10 code [0x0000024180928120, 0x0000024180928478]
Event: 4.108 Thread 0x00000241f893c800 1868       2       java.util.Arrays::copyOf (40 bytes)
Event: 4.109 Thread 0x00000241f893c800 nmethod 1868 0x0000024180928710 code [0x0000024180928900, 0x0000024180928cc8]
Event: 4.109 Thread 0x00000241f893c800 1865       3       java.lang.Math::floorDiv (31 bytes)
Event: 4.109 Thread 0x00000241f893c800 nmethod 1865 0x0000024180928e90 code [0x0000024180929040, 0x00000241809291f8]
Event: 4.109 Thread 0x00000241f893c800 1867       3       java.util.TreeMap::rotateLeft (96 bytes)
Event: 4.109 Thread 0x00000241f893c800 nmethod 1867 0x0000024180929290 code [0x0000024180929480, 0x0000024180929998]
Event: 4.109 Thread 0x00000241f893c800 1869       3       jdk.internal.misc.Unsafe::getAndAddLong (27 bytes)
Event: 4.110 Thread 0x00000241f893c800 nmethod 1869 0x0000024180929b10 code [0x0000024180929cc0, 0x0000024180929f18]

GC Heap History (4 events):
Event: 2.051 GC heap before
{Heap before GC invocations=0 (full 0):
 garbage-first heap   total 96256K, used 23552K [0x00000000a2600000, 0x0000000100000000)
  region size 1024K, 24 young (24576K), 0 survivors (0K)
 Metaspace       used 16641K, capacity 17142K, committed 17280K, reserved 1064960K
  class space    used 1701K, capacity 1898K, committed 1920K, reserved 1048576K
}
Event: 2.063 GC heap after
{Heap after GC invocations=1 (full 0):
 garbage-first heap   total 96256K, used 5920K [0x00000000a2600000, 0x0000000100000000)
  region size 1024K, 3 young (3072K), 3 survivors (3072K)
 Metaspace       used 16641K, capacity 17142K, committed 17280K, reserved 1064960K
  class space    used 1701K, capacity 1898K, committed 1920K, reserved 1048576K
}
Event: 3.818 GC heap before
{Heap before GC invocations=1 (full 0):
 garbage-first heap   total 96256K, used 18208K [0x00000000a2600000, 0x0000000100000000)
  region size 1024K, 16 young (16384K), 3 survivors (3072K)
 Metaspace       used 20425K, capacity 21200K, committed 21248K, reserved 1069056K
  class space    used 2221K, capacity 2560K, committed 2560K, reserved 1048576K
}
Event: 3.826 GC heap after
{Heap after GC invocations=2 (full 0):
 garbage-first heap   total 96256K, used 7127K [0x00000000a2600000, 0x0000000100000000)
  region size 1024K, 2 young (2048K), 2 survivors (2048K)
 Metaspace       used 20425K, capacity 21200K, committed 21248K, reserved 1069056K
  class space    used 2221K, capacity 2560K, committed 2560K, reserved 1048576K
}

Deoptimization events (20 events):
Event: 4.082 Thread 0x00000241e9c5b000 Uncommon trap: trap_request=0xffffff4d fr.pc=0x0000024187ae23ac relative=0x000000000000008c
Event: 4.082 Thread 0x00000241e9c5b000 Uncommon trap: reason=unstable_if action=reinterpret pc=0x0000024187ae23ac method=java.lang.CharacterData.of(I)Ljava/lang/CharacterData; @ 4 c2
Event: 4.082 Thread 0x00000241e9c5b000 DEOPT PACKING pc=0x0000024187ae23ac sp=0x000000978f7fe5b0
Event: 4.082 Thread 0x00000241e9c5b000 DEOPT UNPACKING pc=0x000002418004a1af sp=0x000000978f7fe4f0 mode 2
Event: 4.084 Thread 0x00000241e9c5b000 Uncommon trap: trap_request=0xffffff4d fr.pc=0x0000024187b06274 relative=0x00000000000004b4
Event: 4.084 Thread 0x00000241e9c5b000 Uncommon trap: reason=unstable_if action=reinterpret pc=0x0000024187b06274 method=java.lang.AbstractStringBuilder.putStringAt(ILjava/lang/String;)V @ 8 c2
Event: 4.084 Thread 0x00000241e9c5b000 DEOPT PACKING pc=0x0000024187b06274 sp=0x000000978f7fe680
Event: 4.084 Thread 0x00000241e9c5b000 DEOPT UNPACKING pc=0x000002418004a1af sp=0x000000978f7fe588 mode 2
Event: 4.084 Thread 0x00000241e9c5b000 Uncommon trap: trap_request=0xffffff4d fr.pc=0x0000024187b21b38 relative=0x00000000000003f8
Event: 4.084 Thread 0x00000241e9c5b000 Uncommon trap: reason=unstable_if action=reinterpret pc=0x0000024187b21b38 method=java.lang.AbstractStringBuilder.isLatin1()Z @ 10 c2
Event: 4.084 Thread 0x00000241e9c5b000 DEOPT PACKING pc=0x0000024187b21b38 sp=0x000000978f7fe730
Event: 4.084 Thread 0x00000241e9c5b000 DEOPT UNPACKING pc=0x000002418004a1af sp=0x000000978f7fe6b0 mode 2
Event: 4.085 Thread 0x00000241e9c5b000 Uncommon trap: trap_request=0xffffff4d fr.pc=0x0000024187b154e0 relative=0x00000000000004a0
Event: 4.085 Thread 0x00000241e9c5b000 Uncommon trap: reason=unstable_if action=reinterpret pc=0x0000024187b154e0 method=java.lang.AbstractStringBuilder.putStringAt(ILjava/lang/String;)V @ 8 c2
Event: 4.085 Thread 0x00000241e9c5b000 DEOPT PACKING pc=0x0000024187b154e0 sp=0x000000978f7fe4a0
Event: 4.085 Thread 0x00000241e9c5b000 DEOPT UNPACKING pc=0x000002418004a1af sp=0x000000978f7fe410 mode 2
Event: 4.085 Thread 0x00000241e9c5b000 Uncommon trap: trap_request=0xffffff4d fr.pc=0x0000024187b0c2ec relative=0x00000000000000cc
Event: 4.085 Thread 0x00000241e9c5b000 Uncommon trap: reason=unstable_if action=reinterpret pc=0x0000024187b0c2ec method=java.lang.String.getBytes([BIB)V @ 5 c2
Event: 4.085 Thread 0x00000241e9c5b000 DEOPT PACKING pc=0x0000024187b0c2ec sp=0x000000978f7fe3e0
Event: 4.085 Thread 0x00000241e9c5b000 DEOPT UNPACKING pc=0x000002418004a1af sp=0x000000978f7fe3a8 mode 2

Classes redefined (0 events):
No events

Internal exceptions (20 events):
Event: 2.086 Thread 0x00000241e9c5b000 Exception <a 'java/lang/NoSuchMethodError'{0x00000000a8206248}: 'java.lang.Object java.lang.invoke.DirectMethodHandle$Holder.invokeVirtual(java.lang.Object, java.lang.Object, java.lang.Object, java.lang.Object)'> (0x00000000a8206248) thrown at [s\src\hotspot\share\interpreter\linkResolver.cpp, line 773]
Event: 2.137 Thread 0x00000241fa54c800 Exception <a 'java/net/ConnectException'{0x00000000a810cc00}: Connection refused: connect> (0x00000000a810cc00) thrown at [s\src\hotspot\share\prims\jni.cpp, line 638]
Event: 2.162 Thread 0x00000241fa54c800 Exception <a 'java/net/ConnectException'{0x00000000a810dc20}: Connection refused: connect> (0x00000000a810dc20) thrown at [s\src\hotspot\share\prims\jni.cpp, line 638]
Event: 2.244 Thread 0x00000241e9c5b000 Exception <a 'java/lang/NoSuchMethodError'{0x00000000a8068db8}: 'java.lang.Object java.lang.invoke.Invokers$Holder.linkToTargetMethod(java.lang.Object, int, int, java.lang.Object)'> (0x00000000a8068db8) thrown at [s\src\hotspot\share\interpreter\linkResolver.cpp, line 773]
Event: 2.246 Thread 0x00000241e9c5b000 Exception <a 'java/lang/NoSuchMethodError'{0x00000000a806bd08}: 'void java.lang.invoke.DirectMethodHandle$Holder.invokeStatic(java.lang.Object, java.lang.Object, int)'> (0x00000000a806bd08) thrown at [s\src\hotspot\share\interpreter\linkResolver.cpp, line 773]
Event: 2.381 Thread 0x00000241e9c5b000 Exception <a 'java/lang/NoSuchMethodError'{0x00000000a7c85570}: 'java.lang.Object java.lang.invoke.DirectMethodHandle$Holder.invokeStatic(java.lang.Object, java.lang.Object, java.lang.Object, java.lang.Object, java.lang.Object, java.lang.Object, java.lang.Object, java.lang.Object, java.lang.Object, java.lang.Object, java.lang.Object, java.lang.Object, java.lang.Object, int)'> (0x00000000a7c85570) thrown at [s\src\hotspot\share\interpreter\linkResolver.cpp, line 773]
Event: 2.382 Thread 0x00000241e9c5b000 Exception <a 'java/lang/NoSuchMethodError'{0x00000000a7c91cc0}: 'java.lang.Object java.lang.invoke.DirectMethodHandle$Holder.invokeStatic(java.lang.Object, java.lang.Object, java.lang.Object, java.lang.Object, java.lang.Object, java.lang.Object, java.lang.Object, java.lang.Object, java.lang.Object, java.lang.Object, java.lang.Object, java.lang.Object, java.lang.Object, int, int)'> (0x00000000a7c91cc0) thrown at [s\src\hotspot\share\interpreter\linkResolver.cpp, line 773]
Event: 2.428 Thread 0x00000241fa560000 Exception <a 'java/lang/NoSuchMethodError'{0x00000000a7a54d98}: 'java.lang.Object java.lang.invoke.DirectMethodHandle$Holder.invokeStatic(java.lang.Object, java.lang.Object, java.lang.Object, java.lang.Object, java.lang.Object, java.lang.Object, java.lang.Object, java.lang.Object, java.lang.Object, java.lang.Object, java.lang.Object, java.lang.Object, java.lang.Object, java.lang.Object, java.lang.Object)'> (0x00000000a7a54d98) thrown at [s\src\hotspot\share\interpreter\linkResolver.cpp, line 773]
Event: 2.429 Thread 0x00000241fa560000 Exception <a 'java/lang/NoSuchMethodError'{0x00000000a7a62d48}: 'java.lang.Object java.lang.invoke.DirectMethodHandle$Holder.invokeStatic(java.lang.Object, java.lang.Object, java.lang.Object, java.lang.Object, java.lang.Object, java.lang.Object, java.lang.Object, java.lang.Object, java.lang.Object, java.lang.Object, java.lang.Object, java.lang.Object, java.lang.Object, java.lang.Object, java.lang.Object, java.lang.Object)'> (0x00000000a7a62d48) thrown at [s\src\hotspot\share\interpreter\linkResolver.cpp, l
Event: 2.431 Thread 0x00000241fa560000 Exception <a 'java/lang/NoSuchMethodError'{0x00000000a7a70ad0}: 'java.lang.Object java.lang.invoke.DirectMethodHandle$Holder.invokeSpecial(java.lang.Object, java.lang.Object, int, int, java.lang.Object, java.lang.Object, int)'> (0x00000000a7a70ad0) thrown at [s\src\hotspot\share\interpreter\linkResolver.cpp, line 773]
Event: 2.431 Thread 0x00000241fa560000 Exception <a 'java/lang/NoSuchMethodError'{0x00000000a7a742e0}: 'java.lang.Object java.lang.invoke.DelegatingMethodHandle$Holder.reinvoke_L(java.lang.Object, int, int, java.lang.Object, java.lang.Object, int)'> (0x00000000a7a742e0) thrown at [s\src\hotspot\share\interpreter\linkResolver.cpp, line 773]
Event: 2.432 Thread 0x00000241fa560000 Exception <a 'java/lang/NoSuchMethodError'{0x00000000a7a783d0}: 'java.lang.Object java.lang.invoke.DirectMethodHandle$Holder.invokeStatic(java.lang.Object, java.lang.Object, java.lang.Object, java.lang.Object, int)'> (0x00000000a7a783d0) thrown at [s\src\hotspot\share\interpreter\linkResolver.cpp, line 773]
Event: 2.437 Thread 0x00000241fa560000 Exception <a 'java/lang/NoSuchMethodError'{0x00000000a7ac0e08}: 'java.lang.Object java.lang.invoke.DirectMethodHandle$Holder.invokeSpecial(java.lang.Object, java.lang.Object, java.lang.Object, java.lang.Object, int)'> (0x00000000a7ac0e08) thrown at [s\src\hotspot\share\interpreter\linkResolver.cpp, line 773]
Event: 2.437 Thread 0x00000241fa560000 Exception <a 'java/lang/NoSuchMethodError'{0x00000000a7ac3e70}: 'java.lang.Object java.lang.invoke.Invokers$Holder.linkToTargetMethod(java.lang.Object, java.lang.Object, int, java.lang.Object)'> (0x00000000a7ac3e70) thrown at [s\src\hotspot\share\interpreter\linkResolver.cpp, line 773]
Event: 2.466 Thread 0x00000241fa560000 Exception <a 'java/lang/NoSuchMethodError'{0x00000000a79202a0}: 'void java.lang.invoke.DirectMethodHandle$Holder.invokeSpecial(java.lang.Object, java.lang.Object, java.lang.Object, java.lang.Object, java.lang.Object)'> (0x00000000a79202a0) thrown at [s\src\hotspot\share\interpreter\linkResolver.cpp, line 773]
Event: 2.474 Thread 0x00000241fa560000 Exception <a 'java/lang/NoSuchMethodError'{0x00000000a7943d70}: 'long java.lang.invoke.DirectMethodHandle$Holder.invokeStatic(java.lang.Object, long, long)'> (0x00000000a7943d70) thrown at [s\src\hotspot\share\interpreter\linkResolver.cpp, line 773]
Event: 3.751 Thread 0x00000241fa909000 Exception <a 'java/lang/NoSuchMethodError'{0x00000000a78861a8}: 'void java.lang.invoke.DirectMethodHandle$Holder.invokeSpecial(java.lang.Object, java.lang.Object, java.lang.Object, java.lang.Object, java.lang.Object, java.lang.Object, java.lang.Object)'> (0x00000000a78861a8) thrown at [s\src\hotspot\share\interpreter\linkResolver.cpp, line 773]
Event: 3.887 Thread 0x00000241e9c5b000 Exception <a 'java/lang/NoSuchMethodError'{0x00000000a823a110}: 'java.lang.Object java.lang.invoke.DirectMethodHandle$Holder.invokeSpecialIFC(java.lang.Object, java.lang.Object, java.lang.Object)'> (0x00000000a823a110) thrown at [s\src\hotspot\share\interpreter\linkResolver.cpp, line 773]
Event: 4.062 Thread 0x00000241e9c5b000 Exception <a 'java/lang/NoSuchMethodError'{0x00000000a7e7f148}: 'java.lang.Object java.lang.invoke.DirectMethodHandle$Holder.invokeStatic(java.lang.Object, int, java.lang.Object)'> (0x00000000a7e7f148) thrown at [s\src\hotspot\share\interpreter\linkResolver.cpp, line 773]
Event: 4.076 Thread 0x00000241e9c5b000 Exception <a 'java/lang/ClassNotFoundException'{0x00000000a7e9b188}: sun/util/logging/resources/spi/loggingProvider> (0x00000000a7e9b188) thrown at [s\src\hotspot\share\classfile\systemDictionary.cpp, line 230]

Events (20 events):
Event: 4.099 loading class org/openqa/selenium/chromium/AddHasCdp$1
Event: 4.099 loading class org/openqa/selenium/chromium/AddHasCdp$1 done
Event: 4.100 loading class com/google/common/base/Function
Event: 4.100 loading class com/google/common/base/Function done
Event: 4.101 loading class com/google/common/collect/Multimaps
Event: 4.101 loading class com/google/common/collect/Multimaps done
Event: 4.102 loading class com/google/common/collect/SortedSetMultimap
Event: 4.102 loading class com/google/common/collect/SortedSetMultimap done
Event: 4.103 loading class com/google/common/collect/Multimaps$TransformedEntriesListMultimap
Event: 4.103 loading class com/google/common/collect/Multimaps$TransformedEntriesListMultimap done
Event: 4.104 loading class com/google/common/collect/Multimaps$TransformedEntriesMultimap
Event: 4.104 loading class com/google/common/collect/Multimaps$TransformedEntriesMultimap done
Event: 4.107 Executing VM operation: RevokeBias
Event: 4.107 Executing VM operation: RevokeBias done
Event: 4.107 Executing VM operation: RevokeBias
Event: 4.107 Executing VM operation: RevokeBias done
Event: 4.108 Executing VM operation: RevokeBias
Event: 4.108 Executing VM operation: RevokeBias done
Event: 4.108 Executing VM operation: RevokeBias
Event: 4.108 Executing VM operation: RevokeBias done


Dynamic libraries:
0x00007ff7d3870000 - 0x00007ff7d387e000 	C:\Users\User\.jdks\corretto-11.0.21\bin\java.exe
0x00007fff566b0000 - 0x00007fff568c7000 	C:\WINDOWS\SYSTEM32\ntdll.dll
0x00007fff54db0000 - 0x00007fff54e74000 	C:\WINDOWS\System32\KERNEL32.DLL
0x00007fff53ed0000 - 0x00007fff54276000 	C:\WINDOWS\System32\KERNELBASE.dll
0x00007fff542e0000 - 0x00007fff543f1000 	C:\WINDOWS\System32\ucrtbase.dll
0x00007fff40ef0000 - 0x00007fff40f07000 	C:\Users\User\.jdks\corretto-11.0.21\bin\jli.dll
0x00007fff42cf0000 - 0x00007fff42d0b000 	C:\Users\User\.jdks\corretto-11.0.21\bin\VCRUNTIME140.dll
0x00007fff54480000 - 0x00007fff5462e000 	C:\WINDOWS\System32\USER32.dll
0x00007fff54280000 - 0x00007fff542a6000 	C:\WINDOWS\System32\win32u.dll
0x00007fff54e80000 - 0x00007fff54ea9000 	C:\WINDOWS\System32\GDI32.dll
0x00007fff30280000 - 0x00007fff30513000 	C:\WINDOWS\WinSxS\amd64_microsoft.windows.common-controls_6595b64144ccf1df_6.0.22621.2506_none_270c5ae97388e100\COMCTL32.dll
0x00007fff53a60000 - 0x00007fff53b78000 	C:\WINDOWS\System32\gdi32full.dll
0x00007fff55d60000 - 0x00007fff55e07000 	C:\WINDOWS\System32\msvcrt.dll
0x00007fff53b80000 - 0x00007fff53c1a000 	C:\WINDOWS\System32\msvcp_win.dll
0x00007fff56480000 - 0x00007fff564b1000 	C:\WINDOWS\System32\IMM32.DLL
0x00007fff42ce0000 - 0x00007fff42cec000 	C:\Users\User\.jdks\corretto-11.0.21\bin\vcruntime140_1.dll
0x00007fff3df80000 - 0x00007fff3e00d000 	C:\Users\User\.jdks\corretto-11.0.21\bin\msvcp140.dll
0x00007ffef28b0000 - 0x00007ffef3473000 	C:\Users\User\.jdks\corretto-11.0.21\bin\server\jvm.dll
0x00007fff56260000 - 0x00007fff56313000 	C:\WINDOWS\System32\ADVAPI32.dll
0x00007fff55040000 - 0x00007fff550e8000 	C:\WINDOWS\System32\sechost.dll
0x00007fff542b0000 - 0x00007fff542d8000 	C:\WINDOWS\System32\bcrypt.dll
0x00007fff54f20000 - 0x00007fff55037000 	C:\WINDOWS\System32\RPCRT4.dll
0x00007fff56570000 - 0x00007fff56578000 	C:\WINDOWS\System32\PSAPI.DLL
0x00007fff20190000 - 0x00007fff20199000 	C:\WINDOWS\SYSTEM32\WSOCK32.dll
0x00007fff4ad60000 - 0x00007fff4ad6a000 	C:\WINDOWS\SYSTEM32\VERSION.dll
0x00007fff4d470000 - 0x00007fff4d4a4000 	C:\WINDOWS\SYSTEM32\WINMM.dll
0x00007fff54400000 - 0x00007fff54471000 	C:\WINDOWS\System32\WS2_32.dll
0x00007fff52a30000 - 0x00007fff52a48000 	C:\WINDOWS\SYSTEM32\kernel.appcore.dll
0x00007fff40fe0000 - 0x00007fff40ff0000 	C:\Users\User\.jdks\corretto-11.0.21\bin\verify.dll
0x00007fff4a8b0000 - 0x00007fff4aae3000 	C:\WINDOWS\SYSTEM32\DBGHELP.DLL
0x00007fff55170000 - 0x00007fff554f9000 	C:\WINDOWS\System32\combase.dll
0x00007fff56580000 - 0x00007fff56657000 	C:\WINDOWS\System32\OLEAUT32.dll
0x00007fff411f0000 - 0x00007fff41222000 	C:\WINDOWS\SYSTEM32\dbgcore.DLL
0x00007fff53c20000 - 0x00007fff53c9a000 	C:\WINDOWS\System32\bcryptPrimitives.dll
0x00007fff40e40000 - 0x00007fff40e68000 	C:\Users\User\.jdks\corretto-11.0.21\bin\java.dll
0x00007fff40ee0000 - 0x00007fff40eea000 	C:\Users\User\.jdks\corretto-11.0.21\bin\jimage.dll
0x00007fff4cb60000 - 0x00007fff4cb6e000 	C:\Users\User\.jdks\corretto-11.0.21\bin\instrument.dll
0x00007fff3fd50000 - 0x00007fff3fd68000 	C:\Users\User\.jdks\corretto-11.0.21\bin\zip.dll
0x00007fff55500000 - 0x00007fff55d5b000 	C:\WINDOWS\System32\SHELL32.dll
0x00007fff51950000 - 0x00007fff52246000 	C:\WINDOWS\SYSTEM32\windows.storage.dll
0x00007fff51810000 - 0x00007fff5194e000 	C:\WINDOWS\SYSTEM32\wintypes.dll
0x00007fff547d0000 - 0x00007fff548c3000 	C:\WINDOWS\System32\SHCORE.dll
0x00007fff54d50000 - 0x00007fff54dae000 	C:\WINDOWS\System32\shlwapi.dll
0x00007fff53920000 - 0x00007fff53946000 	C:\WINDOWS\SYSTEM32\profapi.dll
0x00007fff3fbf0000 - 0x00007fff3fc09000 	C:\Users\User\.jdks\corretto-11.0.21\bin\net.dll
0x00007fff4d730000 - 0x00007fff4d867000 	C:\WINDOWS\SYSTEM32\WINHTTP.dll
0x00007fff52eb0000 - 0x00007fff52f19000 	C:\WINDOWS\system32\mswsock.dll
0x00007fff3fbd0000 - 0x00007fff3fbe2000 	C:\Users\User\.jdks\corretto-11.0.21\bin\nio.dll
0x00007fff3f950000 - 0x00007fff3f96a000 	C:\Program Files\JetBrains\IntelliJ IDEA Community Edition 2023.3.2\bin\breakgen64.dll
0x00007fff52520000 - 0x00007fff52619000 	C:\WINDOWS\SYSTEM32\DNSAPI.dll
0x00007fff524b0000 - 0x00007fff524dd000 	C:\WINDOWS\SYSTEM32\IPHLPAPI.DLL
0x00007fff55e10000 - 0x00007fff55e19000 	C:\WINDOWS\System32\NSI.dll
0x00007fff3e750000 - 0x00007fff3e75a000 	C:\Windows\System32\rasadhlp.dll
0x00007fff4bda0000 - 0x00007fff4be23000 	C:\WINDOWS\System32\fwpuclnt.dll
0x00007fff43030000 - 0x00007fff4303e000 	C:\Users\User\.jdks\corretto-11.0.21\bin\sunmscapi.dll
0x00007fff53ca0000 - 0x00007fff53e06000 	C:\WINDOWS\System32\CRYPT32.dll
0x00007fff532a0000 - 0x00007fff532ce000 	C:\WINDOWS\SYSTEM32\ncrypt.dll
0x00007fff53260000 - 0x00007fff53297000 	C:\WINDOWS\SYSTEM32\NTASN1.dll
0x00007fff3fea0000 - 0x00007fff3fec7000 	C:\Users\User\.jdks\corretto-11.0.21\bin\sunec.dll
0x00007fff53110000 - 0x00007fff5312b000 	C:\WINDOWS\SYSTEM32\CRYPTSP.dll
0x00007fff52990000 - 0x00007fff529c5000 	C:\WINDOWS\system32\rsaenh.dll
0x00007fff52fa0000 - 0x00007fff52fcc000 	C:\WINDOWS\SYSTEM32\USERENV.dll
0x00007fff53100000 - 0x00007fff5310c000 	C:\WINDOWS\SYSTEM32\CRYPTBASE.dll
0x00007fff4d4b0000 - 0x00007fff4d4c9000 	C:\WINDOWS\SYSTEM32\dhcpcsvc6.DLL
0x00007fff4d450000 - 0x00007fff4d46f000 	C:\WINDOWS\SYSTEM32\dhcpcsvc.DLL

dbghelp: loaded successfully - version: 4.0.5 - missing functions: none
symbol engine: initialized successfully - sym options: 0x614 - pdb path: .;C:\Users\User\.jdks\corretto-11.0.21\bin;C:\WINDOWS\SYSTEM32;C:\WINDOWS\WinSxS\amd64_microsoft.windows.common-controls_6595b64144ccf1df_6.0.22621.2506_none_270c5ae97388e100;C:\Users\User\.jdks\corretto-11.0.21\bin\server;C:\Program Files\JetBrains\IntelliJ IDEA Community Edition 2023.3.2\bin

VM Arguments:
jvm_args: -javaagent:C:\Program Files\JetBrains\IntelliJ IDEA Community Edition 2023.3.2\lib\idea_rt.jar=62975:C:\Program Files\JetBrains\IntelliJ IDEA Community Edition 2023.3.2\bin -Dfile.encoding=UTF-8 
java_command: org.example.Skaiciuotuvas
java_class_path (initial): C:\Users\User\IdeaProjects\Treniruote\target\classes;C:\Users\User\.m2\repository\org\seleniumhq\selenium\selenium-java\4.16.1\selenium-java-4.16.1.jar;C:\Users\User\.m2\repository\org\seleniumhq\selenium\selenium-api\4.16.1\selenium-api-4.16.1.jar;C:\Users\User\.m2\repository\org\seleniumhq\selenium\selenium-chrome-driver\4.16.1\selenium-chrome-driver-4.16.1.jar;C:\Users\User\.m2\repository\com\google\auto\service\auto-service-annotations\1.1.1\auto-service-annotations-1.1.1.jar;C:\Users\User\.m2\repository\org\seleniumhq\selenium\selenium-chromium-driver\4.16.1\selenium-chromium-driver-4.16.1.jar;C:\Users\User\.m2\repository\org\seleniumhq\selenium\selenium-json\4.16.1\selenium-json-4.16.1.jar;C:\Users\User\.m2\repository\org\seleniumhq\selenium\selenium-manager\4.16.1\selenium-manager-4.16.1.jar;C:\Users\User\.m2\repository\org\seleniumhq\selenium\selenium-devtools-v118\4.16.1\selenium-devtools-v118-4.16.1.jar;C:\Users\User\.m2\repository\org\seleniumhq\selenium\selenium-devtools-v119\4.16.1\selenium-devtools-v119-4.16.1.jar;C:\Users\User\.m2\repository\org\seleniumhq\selenium\selenium-devtools-v120\4.16.1\selenium-devtools-v120-4.16.1.jar;C:\Users\User\.m2\repository\org\seleniumhq\selenium\selenium-devtools-v85\4.16.1\selenium-devtools-v85-4.16.1.jar;C:\Users\User\.m2\repository\org\seleniumhq\selenium\selenium-edge-driver\4.16.1\selenium-edge-driver-4.16.1.jar;C:\Users\User\.m2\repository\org\seleniumhq\selenium\selenium-firefox-driver\4.16.1\selenium-firefox-driver-4.16.1.jar;C:\Users\User\.m2\repository\org\seleniumhq\selenium\selenium-http\4.16.1\selenium-http-4.16.1.jar;C:\Users\User\.m2\repository\dev\failsafe\failsafe\3.3.2\failsafe-3.3.2.jar;C:\Users\User\.m2\repository\org\seleniumhq\selenium\selenium-ie-driver\4.16.1\selenium-ie-driver-4.16.1.jar;C:\Users\User\.m2\repository\org\seleniumhq\selenium\selenium-remote-driver\4.16.1\selenium-remote-driver-4.16.1.jar;C:\Users\User\.m2\repository\com\google\guava\guava\32.1.2-jre
Launcher Type: SUN_STANDARD

[Global flags]
     intx CICompilerCount                          = 4                                         {product} {ergonomic}
     uint ConcGCThreads                            = 2                                         {product} {ergonomic}
     uint G1ConcRefinementThreads                  = 8                                         {product} {ergonomic}
   size_t G1HeapRegionSize                         = 1048576                                   {product} {ergonomic}
    uintx GCDrainStackTargetSize                   = 64                                        {product} {ergonomic}
   size_t InitialHeapSize                          = 98566144                                  {product} {ergonomic}
   size_t MarkStackSize                            = 4194304                                   {product} {ergonomic}
   size_t MaxHeapSize                              = 1570766848                                {product} {ergonomic}
   size_t MaxNewSize                               = 941621248                                 {product} {ergonomic}
   size_t MinHeapDeltaBytes                        = 1048576                                   {product} {ergonomic}
    uintx NonNMethodCodeHeapSize                   = 5836300                                {pd product} {ergonomic}
    uintx NonProfiledCodeHeapSize                  = 122910970                              {pd product} {ergonomic}
    uintx ProfiledCodeHeapSize                     = 122910970                              {pd product} {ergonomic}
    uintx ReservedCodeCacheSize                    = 251658240                              {pd product} {ergonomic}
     bool SegmentedCodeCache                       = true                                      {product} {ergonomic}
     bool UseCompressedClassPointers               = true                                 {lp64_product} {ergonomic}
     bool UseCompressedOops                        = true                                 {lp64_product} {ergonomic}
     bool UseG1GC                                  = true                                      {product} {ergonomic}
     bool UseLargePagesIndividualAllocation        = false                                  {pd product} {ergonomic}

Logging:
Log output configuration:
 #0: stdout all=warning uptime,level,tags
 #1: stderr all=off uptime,level,tags

Environment Variables:
PATH=C:\Program Files (x86)\Common Files\Oracle\Java\javapath;C:\Program Files\Python311\Scripts\;C:\Program Files\Python311\;C:\WINDOWS\system32;C:\WINDOWS;C:\WINDOWS\System32\Wbem;C:\WINDOWS\System32\WindowsPowerShell\v1.0\;C:\WINDOWS\System32\OpenSSH\;C:\Program Files\dotnet\;C:\Program Files\Git\cmd;C:\Program Files\Microsoft SQL Server\150\Tools\Binn\;C:\Program Files\Microsoft SQL Server\Client SDK\ODBC\170\Tools\Binn\;C:\Users\User\AppData\Local\Microsoft\WindowsApps;;C:\Users\User\AppData\Local\Programs\Microsoft VS Code\bin;C:\Users\User\.dotnet\tools;C:\Program Files\JetBrains\IntelliJ IDEA Community Edition 2023.3.2\bin;
USERNAME=User
OS=Windows_NT
PROCESSOR_IDENTIFIER=AMD64 Family 23 Model 104 Stepping 1, AuthenticAMD
TMP=C:\Users\User\AppData\Local\Temp
TEMP=C:\Users\User\AppData\Local\Temp



---------------  S Y S T E M  ---------------

OS: Windows 11 , 64 bit Build 22621 (10.0.22621.3085)
OS uptime: 17 days 17:14 hours

CPU:total 8 (initial active 8) (8 cores per cpu, 2 threads per core) family 23 model 104 stepping 1 microcode 0x0, cmov, cx8, fxsr, mmx, sse, sse2, sse3, ssse3, sse4.1, sse4.2, popcnt, avx, avx2, aes, clmul, mmxext, 3dnowpref, lzcnt, sse4a, ht, tsc, tscinvbit, tscinv, bmi1, bmi2, adx, sha, fma

Memory: 4k page, system-wide physical 5989M (274M free)
TotalPageFile size 24421M (AvailPageFile size 17M)
current process WorkingSet (physical memory assigned to process): 120M, peak: 120M
current process commit charge ("private bytes"): 222M, peak: 224M

vm_info: OpenJDK 64-Bit Server VM (11.0.21+9-LTS) for windows-amd64 JRE (11.0.21+9-LTS), built on Oct  9 2023 18:37:11 by "Administrator" with MS VC++ 16.10 / 16.11 (VS2019)

END.
