#
# There is insufficient memory for the Java Runtime Environment to continue.
# Native memory allocation (malloc) failed to allocate 780576 bytes for Chunk::new
# Possible reasons:
#   The system is out of physical RAM or swap space
#   The process is running with CompressedOops enabled, and the Java Heap may be blocking the growth of the native heap
# Possible solutions:
#   Reduce memory load on the system
#   Increase physical memory or swap space
#   Check if swap backing store is full
#   Decrease Java heap size (-Xmx/-Xms)
#   Decrease number of Java threads
#   Decrease Java thread stack sizes (-Xss)
#   Set larger code cache with -XX:ReservedCodeCacheSize=
#   JVM is running with Unscaled Compressed Oops mode in which the Java heap is
#     placed in the first 4GB address space. The Java Heap base address is the
#     maximum limit for the native heap growth. Please use -XX:HeapBaseMinAddress
#     to set the Java Heap base and to place the Java Heap above 4GB virtual address.
# This output file may be truncated or incomplete.
#
#  Out of Memory Error (arena.cpp:197), pid=7756, tid=28980
#
# JRE version: OpenJDK Runtime Environment Corretto-11.0.21.9.1 (11.0.21+9) (build 11.0.21+9-LTS)
# Java VM: OpenJDK 64-Bit Server VM Corretto-11.0.21.9.1 (11.0.21+9-LTS, mixed mode, tiered, compressed oops, g1 gc, windows-amd64)
# No core dump will be written. Minidumps are not enabled by default on client versions of Windows
#

---------------  S U M M A R Y ------------

Command Line: -javaagent:C:\Program Files\JetBrains\IntelliJ IDEA Community Edition 2023.3.2\lib\idea_rt.jar=50691:C:\Program Files\JetBrains\IntelliJ IDEA Community Edition 2023.3.2\bin -Dfile.encoding=UTF-8 org.example.Skaiciuotuvas

Host: AMD Ryzen 3 5300U with Radeon Graphics         , 8 cores, 5G,  Windows 11 , 64 bit Build 22621 (10.0.22621.3085)
Time: Tue Mar 19 11:32:15 2024 FLE Standard Time elapsed time: 3.051285 seconds (0d 0h 0m 3s)

---------------  T H R E A D  ---------------

Current thread (0x0000015526d9c800):  JavaThread "C2 CompilerThread0" daemon [_thread_in_native, id=28980, stack(0x0000001ef0000000,0x0000001ef0100000)]


Current CompileTask:
C2:   3051 1737       4       java.lang.invoke.MethodType::makeImpl (108 bytes)

Stack: [0x0000001ef0000000,0x0000001ef0100000]
Native frames: (J=compiled Java code, j=interpreted, Vv=VM code, C=native code)
V  [jvm.dll+0x645f6a]
V  [jvm.dll+0x7da379]
V  [jvm.dll+0x7dba79]
V  [jvm.dll+0x7dc163]
V  [jvm.dll+0x269f15]
V  [jvm.dll+0xc1d7c]
V  [jvm.dll+0xc232c]
V  [jvm.dll+0x2dc332]
V  [jvm.dll+0x5514e7]
V  [jvm.dll+0x2218db]
V  [jvm.dll+0x223f0b]
V  [jvm.dll+0x221014]
V  [jvm.dll+0x19ef21]
V  [jvm.dll+0x230fc9]
V  [jvm.dll+0x22f13f]
V  [jvm.dll+0x79b621]
V  [jvm.dll+0x7942f4]
V  [jvm.dll+0x644d25]
C  [ucrtbase.dll+0x29363]
C  [KERNEL32.DLL+0x1257d]
C  [ntdll.dll+0x5aa58]


---------------  P R O C E S S  ---------------

Threads class SMR info:
_java_thread_list=0x0000015528a70750, length=25, elements={
0x00000155090cc800, 0x0000015526d73000, 0x0000015526d7b800, 0x0000015526d93000,
0x0000015526d94000, 0x0000015526d95000, 0x0000015526d9c800, 0x0000015526d9d800,
0x0000015526d9f000, 0x0000015527853000, 0x0000015527b76800, 0x0000015527f4c800,
0x000001552826a000, 0x000001552887a800, 0x0000015528881000, 0x0000015528884800,
0x00000155288ba800, 0x00000155288c1800, 0x000001552897f000, 0x0000015528e21800,
0x0000015528d44000, 0x0000015529629000, 0x0000015529626800, 0x0000015529627000,
0x0000015529628000
}

Java Threads: ( => current thread )
  0x00000155090cc800 JavaThread "Forwarding get on session b8ec97063dd2f562ea9ac49f8ae1d26e to remote" [_thread_blocked, id=3000, stack(0x0000001eef400000,0x0000001eef500000)]
  0x0000015526d73000 JavaThread "Reference Handler" daemon [_thread_blocked, id=26764, stack(0x0000001eefb00000,0x0000001eefc00000)]
  0x0000015526d7b800 JavaThread "Finalizer" daemon [_thread_blocked, id=9700, stack(0x0000001eefc00000,0x0000001eefd00000)]
  0x0000015526d93000 JavaThread "Signal Dispatcher" daemon [_thread_blocked, id=28572, stack(0x0000001eefd00000,0x0000001eefe00000)]
  0x0000015526d94000 JavaThread "Attach Listener" daemon [_thread_blocked, id=13016, stack(0x0000001eefe00000,0x0000001eeff00000)]
  0x0000015526d95000 JavaThread "Service Thread" daemon [_thread_blocked, id=28308, stack(0x0000001eeff00000,0x0000001ef0000000)]
=>0x0000015526d9c800 JavaThread "C2 CompilerThread0" daemon [_thread_in_native, id=28980, stack(0x0000001ef0000000,0x0000001ef0100000)]
  0x0000015526d9d800 JavaThread "C1 CompilerThread0" daemon [_thread_blocked, id=29388, stack(0x0000001ef0100000,0x0000001ef0200000)]
  0x0000015526d9f000 JavaThread "Sweeper thread" daemon [_thread_blocked, id=26972, stack(0x0000001ef0200000,0x0000001ef0300000)]
  0x0000015527853000 JavaThread "Common-Cleaner" daemon [_thread_blocked, id=28636, stack(0x0000001ef0300000,0x0000001ef0400000)]
  0x0000015527b76800 JavaThread "Monitor Ctrl-Break" daemon [_thread_in_native, id=27496, stack(0x0000001ef0500000,0x0000001ef0600000)]
  0x0000015527f4c800 JavaThread "ForkJoinPool.commonPool-worker-3" daemon [_thread_blocked, id=4872, stack(0x0000001ef0400000,0x0000001ef0500000)]
  0x000001552826a000 JavaThread "HttpClient-1-SelectorManager" daemon [_thread_in_native, id=19624, stack(0x0000001ef0700000,0x0000001ef0800000)]
  0x000001552887a800 JavaThread "External Process Output Forwarder - C:\Users\User\.cache\selenium\chromedriver\win64\122.0.6261.128\chromedriver.exe" [_thread_in_native, id=24704, stack(0x0000001ef0a00000,0x0000001ef0b00000)]
  0x0000015528881000 JavaThread "Driver Service Executor" daemon [_thread_blocked, id=22404, stack(0x0000001ef0b00000,0x0000001ef0c00000)]
  0x0000015528884800 JavaThread "Driver Service Executor" daemon [_thread_in_native, id=23852, stack(0x0000001ef0c00000,0x0000001ef0d00000)]
  0x00000155288ba800 JavaThread "UrlChecker-2" daemon [_thread_blocked, id=25820, stack(0x0000001ef0d00000,0x0000001ef0e00000)]
  0x00000155288c1800 JavaThread "Keep-Alive-Timer" daemon [_thread_blocked, id=30164, stack(0x0000001ef0f00000,0x0000001ef1000000)]
  0x000001552897f000 JavaThread "pool-1-thread-1" [_thread_blocked, id=26996, stack(0x0000001ef1000000,0x0000001ef1100000)]
  0x0000015528e21800 JavaThread "pool-1-thread-2" [_thread_blocked, id=28348, stack(0x0000001ef1100000,0x0000001ef1200000)]
  0x0000015528d44000 JavaThread "pool-1-thread-3" [_thread_blocked, id=20812, stack(0x0000001ef1200000,0x0000001ef1300000)]
  0x0000015529629000 JavaThread "HttpClient-2-SelectorManager" daemon [_thread_in_native, id=1516, stack(0x0000001ef1a00000,0x0000001ef1b00000)]
  0x0000015529626800 JavaThread "pool-2-thread-1" [_thread_blocked, id=11628, stack(0x0000001ef1b00000,0x0000001ef1c00000)]
  0x0000015529627000 JavaThread "pool-2-thread-2" [_thread_blocked, id=12488, stack(0x0000001ef1c00000,0x0000001ef1d00000)]
  0x0000015529628000 JavaThread "pool-2-thread-3" [_thread_blocked, id=21904, stack(0x0000001ef1d00000,0x0000001ef1e00000)]

Other Threads:
  0x0000015526d4e000 VMThread "VM Thread" [stack: 0x0000001eefa00000,0x0000001eefb00000] [id=20128]
  0x0000015527ae5800 WatcherThread [stack: 0x0000001ef0600000,0x0000001ef0700000] [id=28472]
  0x00000155090e5800 GCTaskThread "GC Thread#0" [stack: 0x0000001eef500000,0x0000001eef600000] [id=2540]
  0x0000015528266800 GCTaskThread "GC Thread#1" [stack: 0x0000001ef0800000,0x0000001ef0900000] [id=7076]
  0x00000155289e2000 GCTaskThread "GC Thread#2" [stack: 0x0000001ef1300000,0x0000001ef1400000] [id=27368]
  0x0000015528ae5000 GCTaskThread "GC Thread#3" [stack: 0x0000001ef1400000,0x0000001ef1500000] [id=26772]
  0x0000015528ae6000 GCTaskThread "GC Thread#4" [stack: 0x0000001ef1500000,0x0000001ef1600000] [id=25280]
  0x000001552941e800 GCTaskThread "GC Thread#5" [stack: 0x0000001ef1600000,0x0000001ef1700000] [id=28024]
  0x000001552941f000 GCTaskThread "GC Thread#6" [stack: 0x0000001ef1700000,0x0000001ef1800000] [id=20564]
  0x0000015529420000 GCTaskThread "GC Thread#7" [stack: 0x0000001ef1800000,0x0000001ef1900000] [id=29380]
  0x000001550910b800 ConcurrentGCThread "G1 Main Marker" [stack: 0x0000001eef600000,0x0000001eef700000] [id=21392]
  0x000001550910d800 ConcurrentGCThread "G1 Conc#0" [stack: 0x0000001eef700000,0x0000001eef800000] [id=27624]
  0x0000015528877000 ConcurrentGCThread "G1 Conc#1" [stack: 0x0000001ef1900000,0x0000001ef1a00000] [id=19140]
  0x0000015526bc0800 ConcurrentGCThread "G1 Refine#0" [stack: 0x0000001eef800000,0x0000001eef900000] [id=20920]
  0x0000015527b2c000 ConcurrentGCThread "G1 Refine#1" [stack: 0x0000001ef0900000,0x0000001ef0a00000] [id=27820]
  0x0000015526bc1000 ConcurrentGCThread "G1 Young RemSet Sampling" [stack: 0x0000001eef900000,0x0000001eefa00000] [id=20944]

Threads with active compile tasks:
C2 CompilerThread0     3179 1737       4       java.lang.invoke.MethodType::makeImpl (108 bytes)

VM state:not at safepoint (normal execution)

VM Mutex/Monitor currently owned by a thread: None

Heap address: 0x00000000a2600000, size: 1498 MB, Compressed Oops mode: 32-bit
Narrow klass base: 0x0000000000000000, Narrow klass shift: 3
Compressed class space size: 1073741824 Address: 0x0000000100000000

Heap:
 garbage-first heap   total 96256K, used 14353K [0x00000000a2600000, 0x0000000100000000)
  region size 1024K, 9 young (9216K), 1 survivors (1024K)
 Metaspace       used 22102K, capacity 23006K, committed 23040K, reserved 1069056K
  class space    used 2431K, capacity 2800K, committed 2816K, reserved 1048576K
Heap Regions: E=young(eden), S=young(survivor), O=old, HS=humongous(starts), HC=humongous(continues), CS=collection set, F=free, A=archive, TAMS=top-at-mark-start (previous, next)
|   0|0x00000000a2600000, 0x00000000a2700000, 0x00000000a2700000|100%| O|  |TAMS 0x00000000a2700000, 0x00000000a2600000| Untracked 
|   1|0x00000000a2700000, 0x00000000a2800000, 0x00000000a2800000|100%| O|  |TAMS 0x00000000a2800000, 0x00000000a2700000| Untracked 
|   2|0x00000000a2800000, 0x00000000a2900000, 0x00000000a2900000|100%| O|  |TAMS 0x00000000a2900000, 0x00000000a2800000| Untracked 
|   3|0x00000000a2900000, 0x00000000a2a00000, 0x00000000a2a00000|100%| O|  |TAMS 0x00000000a2a00000, 0x00000000a2900000| Untracked 
|   4|0x00000000a2a00000, 0x00000000a2b00000, 0x00000000a2b00000|100%| O|  |TAMS 0x00000000a2b00000, 0x00000000a2a00000| Untracked 
|   5|0x00000000a2b00000, 0x00000000a2c00000, 0x00000000a2c00000|100%| O|  |TAMS 0x00000000a2c00000, 0x00000000a2b00000| Untracked 
|   6|0x00000000a2c00000, 0x00000000a2c08200, 0x00000000a2d00000|  3%| O|  |TAMS 0x00000000a2c08200, 0x00000000a2c00000| Untracked 
|   7|0x00000000a2d00000, 0x00000000a2d00000, 0x00000000a2e00000|  0%| F|  |TAMS 0x00000000a2d00000, 0x00000000a2d00000| Untracked 
|   8|0x00000000a2e00000, 0x00000000a2e00000, 0x00000000a2f00000|  0%| F|  |TAMS 0x00000000a2e00000, 0x00000000a2e00000| Untracked 
|   9|0x00000000a2f00000, 0x00000000a2f00000, 0x00000000a3000000|  0%| F|  |TAMS 0x00000000a2f00000, 0x00000000a2f00000| Untracked 
|  10|0x00000000a3000000, 0x00000000a3000000, 0x00000000a3100000|  0%| F|  |TAMS 0x00000000a3000000, 0x00000000a3000000| Untracked 
|  11|0x00000000a3100000, 0x00000000a3100000, 0x00000000a3200000|  0%| F|  |TAMS 0x00000000a3100000, 0x00000000a3100000| Untracked 
|  12|0x00000000a3200000, 0x00000000a3200000, 0x00000000a3300000|  0%| F|  |TAMS 0x00000000a3200000, 0x00000000a3200000| Untracked 
|  13|0x00000000a3300000, 0x00000000a3300000, 0x00000000a3400000|  0%| F|  |TAMS 0x00000000a3300000, 0x00000000a3300000| Untracked 
|  14|0x00000000a3400000, 0x00000000a3400000, 0x00000000a3500000|  0%| F|  |TAMS 0x00000000a3400000, 0x00000000a3400000| Untracked 
|  15|0x00000000a3500000, 0x00000000a3500000, 0x00000000a3600000|  0%| F|  |TAMS 0x00000000a3500000, 0x00000000a3500000| Untracked 
|  16|0x00000000a3600000, 0x00000000a3600000, 0x00000000a3700000|  0%| F|  |TAMS 0x00000000a3600000, 0x00000000a3600000| Untracked 
|  17|0x00000000a3700000, 0x00000000a3700000, 0x00000000a3800000|  0%| F|  |TAMS 0x00000000a3700000, 0x00000000a3700000| Untracked 
|  18|0x00000000a3800000, 0x00000000a3800000, 0x00000000a3900000|  0%| F|  |TAMS 0x00000000a3800000, 0x00000000a3800000| Untracked 
|  19|0x00000000a3900000, 0x00000000a3900000, 0x00000000a3a00000|  0%| F|  |TAMS 0x00000000a3900000, 0x00000000a3900000| Untracked 
|  20|0x00000000a3a00000, 0x00000000a3a00000, 0x00000000a3b00000|  0%| F|  |TAMS 0x00000000a3a00000, 0x00000000a3a00000| Untracked 
|  21|0x00000000a3b00000, 0x00000000a3b00000, 0x00000000a3c00000|  0%| F|  |TAMS 0x00000000a3b00000, 0x00000000a3b00000| Untracked 
|  22|0x00000000a3c00000, 0x00000000a3c00000, 0x00000000a3d00000|  0%| F|  |TAMS 0x00000000a3c00000, 0x00000000a3c00000| Untracked 
|  23|0x00000000a3d00000, 0x00000000a3d00000, 0x00000000a3e00000|  0%| F|  |TAMS 0x00000000a3d00000, 0x00000000a3d00000| Untracked 
|  24|0x00000000a3e00000, 0x00000000a3e00000, 0x00000000a3f00000|  0%| F|  |TAMS 0x00000000a3e00000, 0x00000000a3e00000| Untracked 
|  25|0x00000000a3f00000, 0x00000000a3f00000, 0x00000000a4000000|  0%| F|  |TAMS 0x00000000a3f00000, 0x00000000a3f00000| Untracked 
|  26|0x00000000a4000000, 0x00000000a4000000, 0x00000000a4100000|  0%| F|  |TAMS 0x00000000a4000000, 0x00000000a4000000| Untracked 
|  27|0x00000000a4100000, 0x00000000a4100000, 0x00000000a4200000|  0%| F|  |TAMS 0x00000000a4100000, 0x00000000a4100000| Untracked 
|  28|0x00000000a4200000, 0x00000000a4200000, 0x00000000a4300000|  0%| F|  |TAMS 0x00000000a4200000, 0x00000000a4200000| Untracked 
|  29|0x00000000a4300000, 0x00000000a4300000, 0x00000000a4400000|  0%| F|  |TAMS 0x00000000a4300000, 0x00000000a4300000| Untracked 
|  30|0x00000000a4400000, 0x00000000a4400000, 0x00000000a4500000|  0%| F|  |TAMS 0x00000000a4400000, 0x00000000a4400000| Untracked 
|  31|0x00000000a4500000, 0x00000000a4500000, 0x00000000a4600000|  0%| F|  |TAMS 0x00000000a4500000, 0x00000000a4500000| Untracked 
|  32|0x00000000a4600000, 0x00000000a4600000, 0x00000000a4700000|  0%| F|  |TAMS 0x00000000a4600000, 0x00000000a4600000| Untracked 
|  33|0x00000000a4700000, 0x00000000a4700000, 0x00000000a4800000|  0%| F|  |TAMS 0x00000000a4700000, 0x00000000a4700000| Untracked 
|  34|0x00000000a4800000, 0x00000000a4800000, 0x00000000a4900000|  0%| F|  |TAMS 0x00000000a4800000, 0x00000000a4800000| Untracked 
|  35|0x00000000a4900000, 0x00000000a4900000, 0x00000000a4a00000|  0%| F|  |TAMS 0x00000000a4900000, 0x00000000a4900000| Untracked 
|  36|0x00000000a4a00000, 0x00000000a4a00000, 0x00000000a4b00000|  0%| F|  |TAMS 0x00000000a4a00000, 0x00000000a4a00000| Untracked 
|  37|0x00000000a4b00000, 0x00000000a4b00000, 0x00000000a4c00000|  0%| F|  |TAMS 0x00000000a4b00000, 0x00000000a4b00000| Untracked 
|  38|0x00000000a4c00000, 0x00000000a4c00000, 0x00000000a4d00000|  0%| F|  |TAMS 0x00000000a4c00000, 0x00000000a4c00000| Untracked 
|  39|0x00000000a4d00000, 0x00000000a4d00000, 0x00000000a4e00000|  0%| F|  |TAMS 0x00000000a4d00000, 0x00000000a4d00000| Untracked 
|  40|0x00000000a4e00000, 0x00000000a4e00000, 0x00000000a4f00000|  0%| F|  |TAMS 0x00000000a4e00000, 0x00000000a4e00000| Untracked 
|  41|0x00000000a4f00000, 0x00000000a4f00000, 0x00000000a5000000|  0%| F|  |TAMS 0x00000000a4f00000, 0x00000000a4f00000| Untracked 
|  42|0x00000000a5000000, 0x00000000a5000000, 0x00000000a5100000|  0%| F|  |TAMS 0x00000000a5000000, 0x00000000a5000000| Untracked 
|  43|0x00000000a5100000, 0x00000000a5100000, 0x00000000a5200000|  0%| F|  |TAMS 0x00000000a5100000, 0x00000000a5100000| Untracked 
|  44|0x00000000a5200000, 0x00000000a5200000, 0x00000000a5300000|  0%| F|  |TAMS 0x00000000a5200000, 0x00000000a5200000| Untracked 
|  45|0x00000000a5300000, 0x00000000a5300000, 0x00000000a5400000|  0%| F|  |TAMS 0x00000000a5300000, 0x00000000a5300000| Untracked 
|  46|0x00000000a5400000, 0x00000000a5400000, 0x00000000a5500000|  0%| F|  |TAMS 0x00000000a5400000, 0x00000000a5400000| Untracked 
|  47|0x00000000a5500000, 0x00000000a5500000, 0x00000000a5600000|  0%| F|  |TAMS 0x00000000a5500000, 0x00000000a5500000| Untracked 
|  48|0x00000000a5600000, 0x00000000a5600000, 0x00000000a5700000|  0%| F|  |TAMS 0x00000000a5600000, 0x00000000a5600000| Untracked 
|  49|0x00000000a5700000, 0x00000000a5700000, 0x00000000a5800000|  0%| F|  |TAMS 0x00000000a5700000, 0x00000000a5700000| Untracked 
|  50|0x00000000a5800000, 0x00000000a5800000, 0x00000000a5900000|  0%| F|  |TAMS 0x00000000a5800000, 0x00000000a5800000| Untracked 
|  51|0x00000000a5900000, 0x00000000a5900000, 0x00000000a5a00000|  0%| F|  |TAMS 0x00000000a5900000, 0x00000000a5900000| Untracked 
|  52|0x00000000a5a00000, 0x00000000a5a00000, 0x00000000a5b00000|  0%| F|  |TAMS 0x00000000a5a00000, 0x00000000a5a00000| Untracked 
|  53|0x00000000a5b00000, 0x00000000a5b00000, 0x00000000a5c00000|  0%| F|  |TAMS 0x00000000a5b00000, 0x00000000a5b00000| Untracked 
|  54|0x00000000a5c00000, 0x00000000a5c00000, 0x00000000a5d00000|  0%| F|  |TAMS 0x00000000a5c00000, 0x00000000a5c00000| Untracked 
|  55|0x00000000a5d00000, 0x00000000a5d00000, 0x00000000a5e00000|  0%| F|  |TAMS 0x00000000a5d00000, 0x00000000a5d00000| Untracked 
|  56|0x00000000a5e00000, 0x00000000a5e00000, 0x00000000a5f00000|  0%| F|  |TAMS 0x00000000a5e00000, 0x00000000a5e00000| Untracked 
|  57|0x00000000a5f00000, 0x00000000a5f00000, 0x00000000a6000000|  0%| F|  |TAMS 0x00000000a5f00000, 0x00000000a5f00000| Untracked 
|  58|0x00000000a6000000, 0x00000000a6000000, 0x00000000a6100000|  0%| F|  |TAMS 0x00000000a6000000, 0x00000000a6000000| Untracked 
|  59|0x00000000a6100000, 0x00000000a6100000, 0x00000000a6200000|  0%| F|  |TAMS 0x00000000a6100000, 0x00000000a6100000| Untracked 
|  60|0x00000000a6200000, 0x00000000a6200000, 0x00000000a6300000|  0%| F|  |TAMS 0x00000000a6200000, 0x00000000a6200000| Untracked 
|  61|0x00000000a6300000, 0x00000000a6300000, 0x00000000a6400000|  0%| F|  |TAMS 0x00000000a6300000, 0x00000000a6300000| Untracked 
|  62|0x00000000a6400000, 0x00000000a6400000, 0x00000000a6500000|  0%| F|  |TAMS 0x00000000a6400000, 0x00000000a6400000| Untracked 
|  63|0x00000000a6500000, 0x00000000a6500000, 0x00000000a6600000|  0%| F|  |TAMS 0x00000000a6500000, 0x00000000a6500000| Untracked 
|  64|0x00000000a6600000, 0x00000000a6600000, 0x00000000a6700000|  0%| F|  |TAMS 0x00000000a6600000, 0x00000000a6600000| Untracked 
|  65|0x00000000a6700000, 0x00000000a6700000, 0x00000000a6800000|  0%| F|  |TAMS 0x00000000a6700000, 0x00000000a6700000| Untracked 
|  66|0x00000000a6800000, 0x00000000a6800000, 0x00000000a6900000|  0%| F|  |TAMS 0x00000000a6800000, 0x00000000a6800000| Untracked 
|  67|0x00000000a6900000, 0x00000000a6900000, 0x00000000a6a00000|  0%| F|  |TAMS 0x00000000a6900000, 0x00000000a6900000| Untracked 
|  68|0x00000000a6a00000, 0x00000000a6a00000, 0x00000000a6b00000|  0%| F|  |TAMS 0x00000000a6a00000, 0x00000000a6a00000| Untracked 
|  69|0x00000000a6b00000, 0x00000000a6b00000, 0x00000000a6c00000|  0%| F|  |TAMS 0x00000000a6b00000, 0x00000000a6b00000| Untracked 
|  70|0x00000000a6c00000, 0x00000000a6c00000, 0x00000000a6d00000|  0%| F|  |TAMS 0x00000000a6c00000, 0x00000000a6c00000| Untracked 
|  71|0x00000000a6d00000, 0x00000000a6d00000, 0x00000000a6e00000|  0%| F|  |TAMS 0x00000000a6d00000, 0x00000000a6d00000| Untracked 
|  72|0x00000000a6e00000, 0x00000000a6e00000, 0x00000000a6f00000|  0%| F|  |TAMS 0x00000000a6e00000, 0x00000000a6e00000| Untracked 
|  73|0x00000000a6f00000, 0x00000000a6f00000, 0x00000000a7000000|  0%| F|  |TAMS 0x00000000a6f00000, 0x00000000a6f00000| Untracked 
|  74|0x00000000a7000000, 0x00000000a7000000, 0x00000000a7100000|  0%| F|  |TAMS 0x00000000a7000000, 0x00000000a7000000| Untracked 
|  75|0x00000000a7100000, 0x00000000a7100000, 0x00000000a7200000|  0%| F|  |TAMS 0x00000000a7100000, 0x00000000a7100000| Untracked 
|  76|0x00000000a7200000, 0x00000000a7200000, 0x00000000a7300000|  0%| F|  |TAMS 0x00000000a7200000, 0x00000000a7200000| Untracked 
|  77|0x00000000a7300000, 0x00000000a7300000, 0x00000000a7400000|  0%| F|  |TAMS 0x00000000a7300000, 0x00000000a7300000| Untracked 
|  78|0x00000000a7400000, 0x00000000a7400000, 0x00000000a7500000|  0%| F|  |TAMS 0x00000000a7400000, 0x00000000a7400000| Untracked 
|  79|0x00000000a7500000, 0x00000000a7500000, 0x00000000a7600000|  0%| F|  |TAMS 0x00000000a7500000, 0x00000000a7500000| Untracked 
|  80|0x00000000a7600000, 0x00000000a76fc540, 0x00000000a7700000| 98%| S|CS|TAMS 0x00000000a7600000, 0x00000000a7600000| Complete 
|  81|0x00000000a7700000, 0x00000000a7700000, 0x00000000a7800000|  0%| F|  |TAMS 0x00000000a7700000, 0x00000000a7700000| Untracked 
|  82|0x00000000a7800000, 0x00000000a7800000, 0x00000000a7900000|  0%| F|  |TAMS 0x00000000a7800000, 0x00000000a7800000| Untracked 
|  83|0x00000000a7900000, 0x00000000a7900000, 0x00000000a7a00000|  0%| F|  |TAMS 0x00000000a7900000, 0x00000000a7900000| Untracked 
|  84|0x00000000a7a00000, 0x00000000a7a00000, 0x00000000a7b00000|  0%| F|  |TAMS 0x00000000a7a00000, 0x00000000a7a00000| Untracked 
|  85|0x00000000a7b00000, 0x00000000a7b00000, 0x00000000a7c00000|  0%| F|  |TAMS 0x00000000a7b00000, 0x00000000a7b00000| Untracked 
|  86|0x00000000a7c00000, 0x00000000a7c8b958, 0x00000000a7d00000| 54%| E|  |TAMS 0x00000000a7c00000, 0x00000000a7c00000| Complete 
|  87|0x00000000a7d00000, 0x00000000a7e00000, 0x00000000a7e00000|100%| E|CS|TAMS 0x00000000a7d00000, 0x00000000a7d00000| Complete 
|  88|0x00000000a7e00000, 0x00000000a7f00000, 0x00000000a7f00000|100%| E|CS|TAMS 0x00000000a7e00000, 0x00000000a7e00000| Complete 
|  89|0x00000000a7f00000, 0x00000000a8000000, 0x00000000a8000000|100%| E|CS|TAMS 0x00000000a7f00000, 0x00000000a7f00000| Complete 
|  90|0x00000000a8000000, 0x00000000a8100000, 0x00000000a8100000|100%| E|CS|TAMS 0x00000000a8000000, 0x00000000a8000000| Complete 
|  91|0x00000000a8100000, 0x00000000a8200000, 0x00000000a8200000|100%| E|CS|TAMS 0x00000000a8100000, 0x00000000a8100000| Complete 
|  92|0x00000000a8200000, 0x00000000a8300000, 0x00000000a8300000|100%| E|CS|TAMS 0x00000000a8200000, 0x00000000a8200000| Complete 
|  93|0x00000000a8300000, 0x00000000a8400000, 0x00000000a8400000|100%| E|CS|TAMS 0x00000000a8300000, 0x00000000a8300000| Complete 

Card table byte_map: [0x0000015520e70000,0x0000015521160000] _byte_map_base: 0x000001552095d000

Marking Bits (Prev, Next): (CMBitMap*) 0x0000015509104cf0, (CMBitMap*) 0x0000015509104cb8
 Prev Bits: [0x0000015522bc0000, 0x0000015524328000)
 Next Bits: [0x0000015521450000, 0x0000015522bb8000)

Polling page: 0x0000015507050000

Metaspace:

Usage:
  Non-class:     19.73 MB capacity,    19.21 MB ( 97%) used,   439.80 KB (  2%) free+waste,    94.38 KB ( <1%) overhead. 
      Class:      2.73 MB capacity,     2.37 MB ( 87%) used,   321.26 KB ( 11%) free+waste,    47.62 KB (  2%) overhead. 
       Both:     22.47 MB capacity,    21.58 MB ( 96%) used,   761.05 KB (  3%) free+waste,   142.00 KB ( <1%) overhead. 

Virtual space:
  Non-class space:       20.00 MB reserved,      19.75 MB ( 99%) committed 
      Class space:        1.00 GB reserved,       2.75 MB ( <1%) committed 
             Both:        1.02 GB reserved,      22.50 MB (  2%) committed 

Chunk freelists:
   Non-Class:  18.00 KB
       Class:  0 bytes
        Both:  18.00 KB

MaxMetaspaceSize: 17179869184.00 GB
CompressedClassSpaceSize: 1.00 GB
Initial GC threshold: 20.80 MB
Current GC threshold: 35.00 MB
CDS: off

CodeHeap 'non-profiled nmethods': size=120000Kb used=699Kb max_used=699Kb free=119300Kb
 bounds [0x0000015519320000, 0x0000015519590000, 0x0000015520850000]
CodeHeap 'profiled nmethods': size=120000Kb used=3638Kb max_used=3638Kb free=116361Kb
 bounds [0x0000015511df0000, 0x0000015512180000, 0x0000015519320000]
CodeHeap 'non-nmethods': size=5760Kb used=1229Kb max_used=1263Kb free=4531Kb
 bounds [0x0000015511850000, 0x0000015511ac0000, 0x0000015511df0000]
 total_blobs=2382 nmethods=1875 adapters=419
 compilation: enabled
              stopped_count=0, restarted_count=0
 full_count=0

Compilation events (20 events):
Event: 3.032 Thread 0x0000015526d9d800 1817       3       java.lang.invoke.DelegatingMethodHandle::makeReinvokerForm (10 bytes)
Event: 3.032 Thread 0x0000015526d9d800 nmethod 1817 0x000001551215b890 code [0x000001551215ba40, 0x000001551215bb68]
Event: 3.032 Thread 0x0000015526d9d800 1819       1       java.lang.System$Logger$Level::getSeverity (5 bytes)
Event: 3.032 Thread 0x0000015526d9d800 nmethod 1819 0x00000155193cce10 code [0x00000155193ccfc0, 0x00000155193cd078]
Event: 3.032 Thread 0x0000015526d9d800 1818       3       java.lang.invoke.DelegatingMethodHandle::makeReinvokerForm (344 bytes)
Event: 3.034 Thread 0x0000015526d9d800 nmethod 1818 0x000001551215bc10 code [0x000001551215bfe0, 0x000001551215df78]
Event: 3.034 Thread 0x0000015526d9d800 1820       1       java.util.concurrent.locks.AbstractQueuedSynchronizer::getState (5 bytes)
Event: 3.034 Thread 0x0000015526d9d800 nmethod 1820 0x00000155193cd110 code [0x00000155193cd2c0, 0x00000155193cd378]
Event: 3.035 Thread 0x0000015526d9d800 1821       3       java.nio.HeapByteBuffer::get (14 bytes)
Event: 3.035 Thread 0x0000015526d9d800 nmethod 1821 0x000001551215ed90 code [0x000001551215ef60, 0x000001551215f288]
Event: 3.037 Thread 0x0000015526d9d800 1822       3       java.lang.StringBuilder::length (5 bytes)
Event: 3.038 Thread 0x0000015526d9d800 nmethod 1822 0x000001551215f410 code [0x000001551215f5c0, 0x000001551215f6d8]
Event: 3.038 Thread 0x0000015526d9d800 1823   !   3       java.lang.invoke.LambdaForm::compileToBytecode (162 bytes)
Event: 3.039 Thread 0x0000015526d9d800 nmethod 1823 0x000001551215f790 code [0x000001551215fb60, 0x00000155121611b8]
Event: 3.039 Thread 0x0000015526d9d800 1824       3       java.lang.invoke.InvokerBytecodeGenerator::<init> (80 bytes)
Event: 3.039 Thread 0x0000015526d9d800 nmethod 1824 0x0000015512161e10 code [0x0000015512162000, 0x00000155121623a8]
Event: 3.040 Thread 0x0000015526d9d800 1827       3       java.util.ImmutableCollections$AbstractImmutableList::iterator (13 bytes)
Event: 3.040 Thread 0x0000015526d9d800 nmethod 1827 0x0000015512162610 code [0x00000155121627e0, 0x0000015512162b28]
Event: 3.040 Thread 0x0000015526d9d800 1828       3       java.util.ImmutableCollections$ListItr::<init> (25 bytes)
Event: 3.040 Thread 0x0000015526d9d800 nmethod 1828 0x0000015512162c90 code [0x0000015512162e40, 0x0000015512163018]

GC Heap History (4 events):
Event: 1.556 GC heap before
{Heap before GC invocations=0 (full 0):
 garbage-first heap   total 96256K, used 23552K [0x00000000a2600000, 0x0000000100000000)
  region size 1024K, 24 young (24576K), 0 survivors (0K)
 Metaspace       used 16720K, capacity 17139K, committed 17280K, reserved 1064960K
  class space    used 1707K, capacity 1897K, committed 1920K, reserved 1048576K
}
Event: 1.567 GC heap after
{Heap after GC invocations=1 (full 0):
 garbage-first heap   total 96256K, used 6283K [0x00000000a2600000, 0x0000000100000000)
  region size 1024K, 3 young (3072K), 3 survivors (3072K)
 Metaspace       used 16720K, capacity 17139K, committed 17280K, reserved 1064960K
  class space    used 1707K, capacity 1897K, committed 1920K, reserved 1048576K
}
Event: 2.898 GC heap before
{Heap before GC invocations=1 (full 0):
 garbage-first heap   total 96256K, used 18571K [0x00000000a2600000, 0x0000000100000000)
  region size 1024K, 16 young (16384K), 3 survivors (3072K)
 Metaspace       used 20398K, capacity 21197K, committed 21248K, reserved 1069056K
  class space    used 2206K, capacity 2559K, committed 2560K, reserved 1048576K
}
Event: 2.902 GC heap after
{Heap after GC invocations=2 (full 0):
 garbage-first heap   total 96256K, used 7185K [0x00000000a2600000, 0x0000000100000000)
  region size 1024K, 1 young (1024K), 1 survivors (1024K)
 Metaspace       used 20398K, capacity 21197K, committed 21248K, reserved 1069056K
  class space    used 2206K, capacity 2559K, committed 2560K, reserved 1048576K
}

Deoptimization events (20 events):
Event: 1.708 Thread 0x00000155090cc800 DEOPT PACKING pc=0x0000015511e3f4db sp=0x0000001eef4fd140
Event: 1.708 Thread 0x00000155090cc800 DEOPT UNPACKING pc=0x000001551189a95e sp=0x0000001eef4fc5b8 mode 0
Event: 1.730 Thread 0x00000155090cc800 Uncommon trap: trap_request=0xffffff4d fr.pc=0x000001551938ac98 relative=0x0000000000000378
Event: 1.731 Thread 0x00000155090cc800 Uncommon trap: reason=unstable_if action=reinterpret pc=0x000001551938ac98 method=java.io.ByteArrayInputStream.read([BII)I @ 35 c2
Event: 1.731 Thread 0x00000155090cc800 DEOPT PACKING pc=0x000001551938ac98 sp=0x0000001eef4fe2d0
Event: 1.731 Thread 0x00000155090cc800 DEOPT UNPACKING pc=0x000001551189a1af sp=0x0000001eef4fe290 mode 2
Event: 2.954 Thread 0x00000155090cc800 Uncommon trap: trap_request=0xffffffde fr.pc=0x00000155193a12e0 relative=0x0000000000000120
Event: 2.954 Thread 0x00000155090cc800 Uncommon trap: reason=class_check action=maybe_recompile pc=0x00000155193a12e0 method=org.openqa.selenium.json.Input.fill()Z @ 85 c2
Event: 2.954 Thread 0x00000155090cc800 DEOPT PACKING pc=0x00000155193a12e0 sp=0x0000001eef4fe640
Event: 2.954 Thread 0x00000155090cc800 DEOPT UNPACKING pc=0x000001551189a1af sp=0x0000001eef4fe5c0 mode 2
Event: 2.964 Thread 0x00000155090cc800 Uncommon trap: trap_request=0xffffffde fr.pc=0x000001551937225c relative=0x0000000000000abc
Event: 2.964 Thread 0x00000155090cc800 Uncommon trap: reason=class_check action=maybe_recompile pc=0x000001551937225c method=java.util.HashMap.putVal(ILjava/lang/Object;Ljava/lang/Object;ZZ)Ljava/lang/Object; @ 91 c2
Event: 2.964 Thread 0x00000155090cc800 DEOPT PACKING pc=0x000001551937225c sp=0x0000001eef4fe230
Event: 2.964 Thread 0x00000155090cc800 DEOPT UNPACKING pc=0x000001551189a1af sp=0x0000001eef4fe168 mode 2
Event: 2.972 Thread 0x00000155090cc800 DEOPT PACKING pc=0x0000015511fbb0d5 sp=0x0000001eef4fdc60
Event: 2.972 Thread 0x00000155090cc800 DEOPT UNPACKING pc=0x000001551189a95e sp=0x0000001eef4fd180 mode 0
Event: 3.019 Thread 0x00000155090cc800 Uncommon trap: trap_request=0xffffffde fr.pc=0x00000155193a12e0 relative=0x0000000000000120
Event: 3.019 Thread 0x00000155090cc800 Uncommon trap: reason=class_check action=maybe_recompile pc=0x00000155193a12e0 method=org.openqa.selenium.json.Input.fill()Z @ 85 c2
Event: 3.019 Thread 0x00000155090cc800 DEOPT PACKING pc=0x00000155193a12e0 sp=0x0000001eef4fe9e0
Event: 3.019 Thread 0x00000155090cc800 DEOPT UNPACKING pc=0x000001551189a1af sp=0x0000001eef4fe960 mode 2

Classes redefined (0 events):
No events

Internal exceptions (20 events):
Event: 1.571 Thread 0x00000155090cc800 Exception <a 'java/lang/NoSuchMethodError'{0x00000000a8310920}: 'java.lang.Object java.lang.invoke.DirectMethodHandle$Holder.invokeInterface(java.lang.Object, java.lang.Object, java.lang.Object)'> (0x00000000a8310920) thrown at [s\src\hotspot\share\interpreter\linkResolver.cpp, line 773]
Event: 1.571 Thread 0x00000155090cc800 Exception <a 'java/lang/IncompatibleClassChangeError'{0x00000000a83138a8}: Found class java.lang.Object, but interface was expected> (0x00000000a83138a8) thrown at [s\src\hotspot\share\interpreter\linkResolver.cpp, line 839]
Event: 1.573 Thread 0x00000155090cc800 Exception <a 'java/lang/NoSuchMethodError'{0x00000000a831b748}: 'int java.lang.invoke.DirectMethodHandle$Holder.invokeSpecialIFC(java.lang.Object, java.lang.Object, java.lang.Object, java.lang.Object)'> (0x00000000a831b748) thrown at [s\src\hotspot\share\interpreter\linkResolver.cpp, line 773]
Event: 1.588 Thread 0x00000155090cc800 Exception <a 'java/lang/NoSuchMethodError'{0x00000000a820e890}: 'java.lang.Object java.lang.invoke.DirectMethodHandle$Holder.invokeVirtual(java.lang.Object, java.lang.Object, java.lang.Object, java.lang.Object)'> (0x00000000a820e890) thrown at [s\src\hotspot\share\interpreter\linkResolver.cpp, line 773]
Event: 1.646 Thread 0x00000155288ba800 Exception <a 'java/net/ConnectException'{0x00000000a82e95a0}: Connection refused: connect> (0x00000000a82e95a0) thrown at [s\src\hotspot\share\prims\jni.cpp, line 638]
Event: 1.709 Thread 0x00000155090cc800 Exception <a 'java/lang/NoSuchMethodError'{0x00000000a81e9ac8}: 'java.lang.Object java.lang.invoke.Invokers$Holder.linkToTargetMethod(java.lang.Object, int, int, java.lang.Object)'> (0x00000000a81e9ac8) thrown at [s\src\hotspot\share\interpreter\linkResolver.cpp, line 773]
Event: 1.711 Thread 0x00000155090cc800 Exception <a 'java/lang/NoSuchMethodError'{0x00000000a81eca18}: 'void java.lang.invoke.DirectMethodHandle$Holder.invokeStatic(java.lang.Object, java.lang.Object, int)'> (0x00000000a81eca18) thrown at [s\src\hotspot\share\interpreter\linkResolver.cpp, line 773]
Event: 1.798 Thread 0x00000155090cc800 Exception <a 'java/lang/NoSuchMethodError'{0x00000000a7c05f80}: 'java.lang.Object java.lang.invoke.DirectMethodHandle$Holder.invokeStatic(java.lang.Object, java.lang.Object, java.lang.Object, java.lang.Object, java.lang.Object, java.lang.Object, java.lang.Object, java.lang.Object, java.lang.Object, java.lang.Object, java.lang.Object, java.lang.Object, java.lang.Object, int)'> (0x00000000a7c05f80) thrown at [s\src\hotspot\share\interpreter\linkResolver.cpp, line 773]
Event: 1.799 Thread 0x00000155090cc800 Exception <a 'java/lang/NoSuchMethodError'{0x00000000a7c126d0}: 'java.lang.Object java.lang.invoke.DirectMethodHandle$Holder.invokeStatic(java.lang.Object, java.lang.Object, java.lang.Object, java.lang.Object, java.lang.Object, java.lang.Object, java.lang.Object, java.lang.Object, java.lang.Object, java.lang.Object, java.lang.Object, java.lang.Object, java.lang.Object, int, int)'> (0x00000000a7c126d0) thrown at [s\src\hotspot\share\interpreter\linkResolver.cpp, line 773]
Event: 1.828 Thread 0x000001552897f000 Exception <a 'java/lang/NoSuchMethodError'{0x00000000a7bf1368}: 'java.lang.Object java.lang.invoke.DirectMethodHandle$Holder.invokeStatic(java.lang.Object, java.lang.Object, java.lang.Object, java.lang.Object, java.lang.Object, java.lang.Object, java.lang.Object, java.lang.Object, java.lang.Object, java.lang.Object, java.lang.Object, java.lang.Object, java.lang.Object, java.lang.Object, java.lang.Object)'> (0x00000000a7bf1368) thrown at [s\src\hotspot\share\interpreter\linkResolver.cpp, line 773]
Event: 1.829 Thread 0x000001552897f000 Exception <a 'java/lang/NoSuchMethodError'{0x00000000a7bff440}: 'java.lang.Object java.lang.invoke.DirectMethodHandle$Holder.invokeStatic(java.lang.Object, java.lang.Object, java.lang.Object, java.lang.Object, java.lang.Object, java.lang.Object, java.lang.Object, java.lang.Object, java.lang.Object, java.lang.Object, java.lang.Object, java.lang.Object, java.lang.Object, java.lang.Object, java.lang.Object, java.lang.Object)'> (0x00000000a7bff440) thrown at [s\src\hotspot\share\interpreter\linkResolver.cpp, l
Event: 1.830 Thread 0x000001552897f000 Exception <a 'java/lang/NoSuchMethodError'{0x00000000a7a0d790}: 'java.lang.Object java.lang.invoke.DirectMethodHandle$Holder.invokeSpecial(java.lang.Object, java.lang.Object, int, int, java.lang.Object, java.lang.Object, int)'> (0x00000000a7a0d790) thrown at [s\src\hotspot\share\interpreter\linkResolver.cpp, line 773]
Event: 1.830 Thread 0x000001552897f000 Exception <a 'java/lang/NoSuchMethodError'{0x00000000a7a10c20}: 'java.lang.Object java.lang.invoke.DelegatingMethodHandle$Holder.reinvoke_L(java.lang.Object, int, int, java.lang.Object, java.lang.Object, int)'> (0x00000000a7a10c20) thrown at [s\src\hotspot\share\interpreter\linkResolver.cpp, line 773]
Event: 1.831 Thread 0x000001552897f000 Exception <a 'java/lang/NoSuchMethodError'{0x00000000a7a14d10}: 'java.lang.Object java.lang.invoke.DirectMethodHandle$Holder.invokeStatic(java.lang.Object, java.lang.Object, java.lang.Object, java.lang.Object, int)'> (0x00000000a7a14d10) thrown at [s\src\hotspot\share\interpreter\linkResolver.cpp, line 773]
Event: 1.834 Thread 0x000001552897f000 Exception <a 'java/lang/NoSuchMethodError'{0x00000000a7a5e078}: 'java.lang.Object java.lang.invoke.DirectMethodHandle$Holder.invokeSpecial(java.lang.Object, java.lang.Object, java.lang.Object, java.lang.Object, int)'> (0x00000000a7a5e078) thrown at [s\src\hotspot\share\interpreter\linkResolver.cpp, line 773]
Event: 1.834 Thread 0x000001552897f000 Exception <a 'java/lang/NoSuchMethodError'{0x00000000a7a610e0}: 'java.lang.Object java.lang.invoke.Invokers$Holder.linkToTargetMethod(java.lang.Object, java.lang.Object, int, java.lang.Object)'> (0x00000000a7a610e0) thrown at [s\src\hotspot\share\interpreter\linkResolver.cpp, line 773]
Event: 1.851 Thread 0x000001552897f000 Exception <a 'java/lang/NoSuchMethodError'{0x00000000a7abfdd8}: 'void java.lang.invoke.DirectMethodHandle$Holder.invokeSpecial(java.lang.Object, java.lang.Object, java.lang.Object, java.lang.Object, java.lang.Object)'> (0x00000000a7abfdd8) thrown at [s\src\hotspot\share\interpreter\linkResolver.cpp, line 773]
Event: 1.856 Thread 0x000001552897f000 Exception <a 'java/lang/NoSuchMethodError'{0x00000000a7ae38b0}: 'long java.lang.invoke.DirectMethodHandle$Holder.invokeStatic(java.lang.Object, long, long)'> (0x00000000a7ae38b0) thrown at [s\src\hotspot\share\interpreter\linkResolver.cpp, line 773]
Event: 2.872 Thread 0x000001552897f000 Exception <a 'java/lang/NoSuchMethodError'{0x00000000a782ab70}: 'void java.lang.invoke.DirectMethodHandle$Holder.invokeSpecial(java.lang.Object, java.lang.Object, java.lang.Object, java.lang.Object, java.lang.Object, java.lang.Object, java.lang.Object)'> (0x00000000a782ab70) thrown at [s\src\hotspot\share\interpreter\linkResolver.cpp, line 773]
Event: 2.959 Thread 0x00000155090cc800 Exception <a 'java/lang/NoSuchMethodError'{0x00000000a828dfa8}: 'java.lang.Object java.lang.invoke.DirectMethodHandle$Holder.invokeSpecialIFC(java.lang.Object, java.lang.Object, java.lang.Object)'> (0x00000000a828dfa8) thrown at [s\src\hotspot\share\interpreter\linkResolver.cpp, line 773]

Events (20 events):
Event: 3.032 loading class jdk/internal/net/http/websocket/OpeningHandshake
Event: 3.032 loading class jdk/internal/net/http/websocket/OpeningHandshake done
Event: 3.032 Executing VM operation: RevokeBias
Event: 3.032 Executing VM operation: RevokeBias done
Event: 3.033 Executing VM operation: RevokeBias
Event: 3.033 Executing VM operation: RevokeBias done
Event: 3.033 Executing VM operation: RevokeBias
Event: 3.033 Executing VM operation: RevokeBias done
Event: 3.036 loading class jdk/internal/net/http/Http1Exchange
Event: 3.036 loading class jdk/internal/net/http/Http1Exchange done
Event: 3.037 loading class jdk/internal/net/http/common/FlowTube
Event: 3.037 loading class jdk/internal/net/http/common/FlowTube done
Event: 3.038 Executing VM operation: RevokeBias
Event: 3.038 Executing VM operation: RevokeBias done
Event: 3.039 loading class java/lang/invoke/BoundMethodHandle$Species_LLLLLLLIIL
Event: 3.039 loading class java/lang/invoke/BoundMethodHandle$Species_LLLLLLLIIL done
Event: 3.046 Executing VM operation: RevokeBias
Event: 3.046 Executing VM operation: RevokeBias done
Event: 3.048 Executing VM operation: BulkRevokeBias
Event: 3.048 Executing VM operation: BulkRevokeBias done


Dynamic libraries:
0x00007ff7d3870000 - 0x00007ff7d387e000 	C:\Users\User\.jdks\corretto-11.0.21\bin\java.exe
0x00007fff566b0000 - 0x00007fff568c7000 	C:\WINDOWS\SYSTEM32\ntdll.dll
0x00007fff54db0000 - 0x00007fff54e74000 	C:\WINDOWS\System32\KERNEL32.DLL
0x00007fff53ed0000 - 0x00007fff54276000 	C:\WINDOWS\System32\KERNELBASE.dll
0x00007fff542e0000 - 0x00007fff543f1000 	C:\WINDOWS\System32\ucrtbase.dll
0x00007fff40ef0000 - 0x00007fff40f07000 	C:\Users\User\.jdks\corretto-11.0.21\bin\jli.dll
0x00007fff42cf0000 - 0x00007fff42d0b000 	C:\Users\User\.jdks\corretto-11.0.21\bin\VCRUNTIME140.dll
0x00007fff54480000 - 0x00007fff5462e000 	C:\WINDOWS\System32\USER32.dll
0x00007fff54280000 - 0x00007fff542a6000 	C:\WINDOWS\System32\win32u.dll
0x00007fff30280000 - 0x00007fff30513000 	C:\WINDOWS\WinSxS\amd64_microsoft.windows.common-controls_6595b64144ccf1df_6.0.22621.2506_none_270c5ae97388e100\COMCTL32.dll
0x00007fff54e80000 - 0x00007fff54ea9000 	C:\WINDOWS\System32\GDI32.dll
0x00007fff55d60000 - 0x00007fff55e07000 	C:\WINDOWS\System32\msvcrt.dll
0x00007fff53a60000 - 0x00007fff53b78000 	C:\WINDOWS\System32\gdi32full.dll
0x00007fff53b80000 - 0x00007fff53c1a000 	C:\WINDOWS\System32\msvcp_win.dll
0x00007fff56480000 - 0x00007fff564b1000 	C:\WINDOWS\System32\IMM32.DLL
0x00007fff42ce0000 - 0x00007fff42cec000 	C:\Users\User\.jdks\corretto-11.0.21\bin\vcruntime140_1.dll
0x00007fff3df80000 - 0x00007fff3e00d000 	C:\Users\User\.jdks\corretto-11.0.21\bin\msvcp140.dll
0x00007ffef28b0000 - 0x00007ffef3473000 	C:\Users\User\.jdks\corretto-11.0.21\bin\server\jvm.dll
0x00007fff56260000 - 0x00007fff56313000 	C:\WINDOWS\System32\ADVAPI32.dll
0x00007fff55040000 - 0x00007fff550e8000 	C:\WINDOWS\System32\sechost.dll
0x00007fff542b0000 - 0x00007fff542d8000 	C:\WINDOWS\System32\bcrypt.dll
0x00007fff54f20000 - 0x00007fff55037000 	C:\WINDOWS\System32\RPCRT4.dll
0x00007fff56570000 - 0x00007fff56578000 	C:\WINDOWS\System32\PSAPI.DLL
0x00007fff4d470000 - 0x00007fff4d4a4000 	C:\WINDOWS\SYSTEM32\WINMM.dll
0x00007fff20190000 - 0x00007fff20199000 	C:\WINDOWS\SYSTEM32\WSOCK32.dll
0x00007fff4ad60000 - 0x00007fff4ad6a000 	C:\WINDOWS\SYSTEM32\VERSION.dll
0x00007fff54400000 - 0x00007fff54471000 	C:\WINDOWS\System32\WS2_32.dll
0x00007fff52a30000 - 0x00007fff52a48000 	C:\WINDOWS\SYSTEM32\kernel.appcore.dll
0x00007fff40fe0000 - 0x00007fff40ff0000 	C:\Users\User\.jdks\corretto-11.0.21\bin\verify.dll
0x00007fff4a8b0000 - 0x00007fff4aae3000 	C:\WINDOWS\SYSTEM32\DBGHELP.DLL
0x00007fff55170000 - 0x00007fff554f9000 	C:\WINDOWS\System32\combase.dll
0x00007fff56580000 - 0x00007fff56657000 	C:\WINDOWS\System32\OLEAUT32.dll
0x00007fff411f0000 - 0x00007fff41222000 	C:\WINDOWS\SYSTEM32\dbgcore.DLL
0x00007fff53c20000 - 0x00007fff53c9a000 	C:\WINDOWS\System32\bcryptPrimitives.dll
0x00007fff40e40000 - 0x00007fff40e68000 	C:\Users\User\.jdks\corretto-11.0.21\bin\java.dll
0x00007fff40ee0000 - 0x00007fff40eea000 	C:\Users\User\.jdks\corretto-11.0.21\bin\jimage.dll
0x00007fff50d20000 - 0x00007fff50d2e000 	C:\Users\User\.jdks\corretto-11.0.21\bin\instrument.dll
0x00007fff3fd50000 - 0x00007fff3fd68000 	C:\Users\User\.jdks\corretto-11.0.21\bin\zip.dll
0x00007fff55500000 - 0x00007fff55d5b000 	C:\WINDOWS\System32\SHELL32.dll
0x00007fff51950000 - 0x00007fff52246000 	C:\WINDOWS\SYSTEM32\windows.storage.dll
0x00007fff51810000 - 0x00007fff5194e000 	C:\WINDOWS\SYSTEM32\wintypes.dll
0x00007fff547d0000 - 0x00007fff548c3000 	C:\WINDOWS\System32\SHCORE.dll
0x00007fff54d50000 - 0x00007fff54dae000 	C:\WINDOWS\System32\shlwapi.dll
0x00007fff53920000 - 0x00007fff53946000 	C:\WINDOWS\SYSTEM32\profapi.dll
0x00007fff3fbf0000 - 0x00007fff3fc09000 	C:\Users\User\.jdks\corretto-11.0.21\bin\net.dll
0x00007fff4d730000 - 0x00007fff4d867000 	C:\WINDOWS\SYSTEM32\WINHTTP.dll
0x00007fff52eb0000 - 0x00007fff52f19000 	C:\WINDOWS\system32\mswsock.dll
0x00007fff3fbd0000 - 0x00007fff3fbe2000 	C:\Users\User\.jdks\corretto-11.0.21\bin\nio.dll
0x00007fff3f950000 - 0x00007fff3f96a000 	C:\Program Files\JetBrains\IntelliJ IDEA Community Edition 2023.3.2\bin\breakgen64.dll
0x00007fff52520000 - 0x00007fff52619000 	C:\WINDOWS\SYSTEM32\DNSAPI.dll
0x00007fff524b0000 - 0x00007fff524dd000 	C:\WINDOWS\SYSTEM32\IPHLPAPI.DLL
0x00007fff55e10000 - 0x00007fff55e19000 	C:\WINDOWS\System32\NSI.dll
0x00007fff3e750000 - 0x00007fff3e75a000 	C:\Windows\System32\rasadhlp.dll
0x00007fff4bda0000 - 0x00007fff4be23000 	C:\WINDOWS\System32\fwpuclnt.dll
0x00007fff50550000 - 0x00007fff5055e000 	C:\Users\User\.jdks\corretto-11.0.21\bin\sunmscapi.dll
0x00007fff53ca0000 - 0x00007fff53e06000 	C:\WINDOWS\System32\CRYPT32.dll
0x00007fff532a0000 - 0x00007fff532ce000 	C:\WINDOWS\SYSTEM32\ncrypt.dll
0x00007fff53260000 - 0x00007fff53297000 	C:\WINDOWS\SYSTEM32\NTASN1.dll
0x00007fff4d110000 - 0x00007fff4d137000 	C:\Users\User\.jdks\corretto-11.0.21\bin\sunec.dll
0x00007fff53110000 - 0x00007fff5312b000 	C:\WINDOWS\SYSTEM32\CRYPTSP.dll
0x00007fff52990000 - 0x00007fff529c5000 	C:\WINDOWS\system32\rsaenh.dll
0x00007fff52fa0000 - 0x00007fff52fcc000 	C:\WINDOWS\SYSTEM32\USERENV.dll
0x00007fff53100000 - 0x00007fff5310c000 	C:\WINDOWS\SYSTEM32\CRYPTBASE.dll
0x00007fff4d4b0000 - 0x00007fff4d4c9000 	C:\WINDOWS\SYSTEM32\dhcpcsvc6.DLL
0x00007fff4d450000 - 0x00007fff4d46f000 	C:\WINDOWS\SYSTEM32\dhcpcsvc.DLL

dbghelp: loaded successfully - version: 4.0.5 - missing functions: none
symbol engine: initialized successfully - sym options: 0x614 - pdb path: .;C:\Users\User\.jdks\corretto-11.0.21\bin;C:\WINDOWS\SYSTEM32;C:\WINDOWS\WinSxS\amd64_microsoft.windows.common-controls_6595b64144ccf1df_6.0.22621.2506_none_270c5ae97388e100;C:\Users\User\.jdks\corretto-11.0.21\bin\server;C:\Program Files\JetBrains\IntelliJ IDEA Community Edition 2023.3.2\bin

VM Arguments:
jvm_args: -javaagent:C:\Program Files\JetBrains\IntelliJ IDEA Community Edition 2023.3.2\lib\idea_rt.jar=50691:C:\Program Files\JetBrains\IntelliJ IDEA Community Edition 2023.3.2\bin -Dfile.encoding=UTF-8 
java_command: org.example.Skaiciuotuvas
java_class_path (initial): C:\Users\User\IdeaProjects\Treniruote\target\classes;C:\Users\User\.m2\repository\org\seleniumhq\selenium\selenium-java\4.16.1\selenium-java-4.16.1.jar;C:\Users\User\.m2\repository\org\seleniumhq\selenium\selenium-api\4.16.1\selenium-api-4.16.1.jar;C:\Users\User\.m2\repository\org\seleniumhq\selenium\selenium-chrome-driver\4.16.1\selenium-chrome-driver-4.16.1.jar;C:\Users\User\.m2\repository\com\google\auto\service\auto-service-annotations\1.1.1\auto-service-annotations-1.1.1.jar;C:\Users\User\.m2\repository\org\seleniumhq\selenium\selenium-chromium-driver\4.16.1\selenium-chromium-driver-4.16.1.jar;C:\Users\User\.m2\repository\org\seleniumhq\selenium\selenium-json\4.16.1\selenium-json-4.16.1.jar;C:\Users\User\.m2\repository\org\seleniumhq\selenium\selenium-manager\4.16.1\selenium-manager-4.16.1.jar;C:\Users\User\.m2\repository\org\seleniumhq\selenium\selenium-devtools-v118\4.16.1\selenium-devtools-v118-4.16.1.jar;C:\Users\User\.m2\repository\org\seleniumhq\selenium\selenium-devtools-v119\4.16.1\selenium-devtools-v119-4.16.1.jar;C:\Users\User\.m2\repository\org\seleniumhq\selenium\selenium-devtools-v120\4.16.1\selenium-devtools-v120-4.16.1.jar;C:\Users\User\.m2\repository\org\seleniumhq\selenium\selenium-devtools-v85\4.16.1\selenium-devtools-v85-4.16.1.jar;C:\Users\User\.m2\repository\org\seleniumhq\selenium\selenium-edge-driver\4.16.1\selenium-edge-driver-4.16.1.jar;C:\Users\User\.m2\repository\org\seleniumhq\selenium\selenium-firefox-driver\4.16.1\selenium-firefox-driver-4.16.1.jar;C:\Users\User\.m2\repository\org\seleniumhq\selenium\selenium-http\4.16.1\selenium-http-4.16.1.jar;C:\Users\User\.m2\repository\dev\failsafe\failsafe\3.3.2\failsafe-3.3.2.jar;C:\Users\User\.m2\repository\org\seleniumhq\selenium\selenium-ie-driver\4.16.1\selenium-ie-driver-4.16.1.jar;C:\Users\User\.m2\repository\org\seleniumhq\selenium\selenium-remote-driver\4.16.1\selenium-remote-driver-4.16.1.jar;C:\Users\User\.m2\repository\com\google\guava\guava\32.1.2-jre
Launcher Type: SUN_STANDARD

[Global flags]
     intx CICompilerCount                          = 4                                         {product} {ergonomic}
     uint ConcGCThreads                            = 2                                         {product} {ergonomic}
     uint G1ConcRefinementThreads                  = 8                                         {product} {ergonomic}
   size_t G1HeapRegionSize                         = 1048576                                   {product} {ergonomic}
    uintx GCDrainStackTargetSize                   = 64                                        {product} {ergonomic}
   size_t InitialHeapSize                          = 98566144                                  {product} {ergonomic}
   size_t MarkStackSize                            = 4194304                                   {product} {ergonomic}
   size_t MaxHeapSize                              = 1570766848                                {product} {ergonomic}
   size_t MaxNewSize                               = 941621248                                 {product} {ergonomic}
   size_t MinHeapDeltaBytes                        = 1048576                                   {product} {ergonomic}
    uintx NonNMethodCodeHeapSize                   = 5836300                                {pd product} {ergonomic}
    uintx NonProfiledCodeHeapSize                  = 122910970                              {pd product} {ergonomic}
    uintx ProfiledCodeHeapSize                     = 122910970                              {pd product} {ergonomic}
    uintx ReservedCodeCacheSize                    = 251658240                              {pd product} {ergonomic}
     bool SegmentedCodeCache                       = true                                      {product} {ergonomic}
     bool UseCompressedClassPointers               = true                                 {lp64_product} {ergonomic}
     bool UseCompressedOops                        = true                                 {lp64_product} {ergonomic}
     bool UseG1GC                                  = true                                      {product} {ergonomic}
     bool UseLargePagesIndividualAllocation        = false                                  {pd product} {ergonomic}

Logging:
Log output configuration:
 #0: stdout all=warning uptime,level,tags
 #1: stderr all=off uptime,level,tags

Environment Variables:
PATH=C:\Program Files (x86)\Common Files\Oracle\Java\javapath;C:\Program Files\Python311\Scripts\;C:\Program Files\Python311\;C:\WINDOWS\system32;C:\WINDOWS;C:\WINDOWS\System32\Wbem;C:\WINDOWS\System32\WindowsPowerShell\v1.0\;C:\WINDOWS\System32\OpenSSH\;C:\Program Files\dotnet\;C:\Program Files\Git\cmd;C:\Program Files\Microsoft SQL Server\150\Tools\Binn\;C:\Program Files\Microsoft SQL Server\Client SDK\ODBC\170\Tools\Binn\;C:\Users\User\AppData\Local\Microsoft\WindowsApps;;C:\Users\User\AppData\Local\Programs\Microsoft VS Code\bin;C:\Users\User\.dotnet\tools;C:\Program Files\JetBrains\IntelliJ IDEA Community Edition 2023.3.2\bin;
USERNAME=User
OS=Windows_NT
PROCESSOR_IDENTIFIER=AMD64 Family 23 Model 104 Stepping 1, AuthenticAMD
TMP=C:\Users\User\AppData\Local\Temp
TEMP=C:\Users\User\AppData\Local\Temp



---------------  S Y S T E M  ---------------

OS: Windows 11 , 64 bit Build 22621 (10.0.22621.3085)
OS uptime: 17 days 19:10 hours

CPU:total 8 (initial active 8) (8 cores per cpu, 2 threads per core) family 23 model 104 stepping 1 microcode 0x0, cmov, cx8, fxsr, mmx, sse, sse2, sse3, ssse3, sse4.1, sse4.2, popcnt, avx, avx2, aes, clmul, mmxext, 3dnowpref, lzcnt, sse4a, ht, tsc, tscinvbit, tscinv, bmi1, bmi2, adx, sha, fma

Memory: 4k page, system-wide physical 5989M (184M free)
TotalPageFile size 24421M (AvailPageFile size 0M)
current process WorkingSet (physical memory assigned to process): 118M, peak: 118M
current process commit charge ("private bytes"): 218M, peak: 218M

vm_info: OpenJDK 64-Bit Server VM (11.0.21+9-LTS) for windows-amd64 JRE (11.0.21+9-LTS), built on Oct  9 2023 18:37:11 by "Administrator" with MS VC++ 16.10 / 16.11 (VS2019)

END.
